#
# There is insufficient memory for the Java Runtime Environment to continue.
# Native memory allocation (mmap) failed to map 115343360 bytes. Error detail: G1 virtual space
# Possible reasons:
#   The system is out of physical RAM or swap space
#   This process is running with CompressedOops enabled, and the Java Heap may be blocking the growth of the native heap
# Possible solutions:
#   Reduce memory load on the system
#   Increase physical memory or swap space
#   Check if swap backing store is full
#   Decrease Java heap size (-Xmx/-Xms)
#   Decrease number of Java threads
#   Decrease Java thread stack sizes (-Xss)
#   Set larger code cache with -XX:ReservedCodeCacheSize=
#   JVM is running with Unscaled Compressed Oops mode in which the Java heap is
#     placed in the first 4GB address space. The Java Heap base address is the
#     maximum limit for the native heap growth. Please use -XX:HeapBaseMinAddress
#     to set the Java Heap base and to place the Java Heap above 4GB virtual address.
# This output file may be truncated or incomplete.
#
#  Out of Memory Error (os_windows.cpp:3614), pid=3452, tid=15012
#
# JRE version: OpenJDK Runtime Environment Temurin-17.0.13+11 (17.0.13+11) (build 17.0.13+11)
# Java VM: OpenJDK 64-Bit Server VM Temurin-17.0.13+11 (17.0.13+11, mixed mode, sharing, tiered, compressed oops, compressed class ptrs, g1 gc, windows-amd64)
# No core dump will be written. Minidumps are not enabled by default on client versions of Windows
#

---------------  S U M M A R Y ------------

Command Line: -XX:MaxMetaspaceSize=512m --add-opens=java.base/java.util=ALL-UNNAMED --add-opens=java.base/java.lang=ALL-UNNAMED --add-opens=java.base/java.lang.invoke=ALL-UNNAMED --add-opens=java.prefs/java.util.prefs=ALL-UNNAMED --add-exports=jdk.compiler/com.sun.tools.javac.api=ALL-UNNAMED --add-exports=jdk.compiler/com.sun.tools.javac.util=ALL-UNNAMED --add-opens=java.base/java.nio.charset=ALL-UNNAMED --add-opens=java.base/java.net=ALL-UNNAMED --add-opens=java.base/java.util.concurrent.atomic=ALL-UNNAMED -Xmx2048m -Dfile.encoding=windows-1252 -Duser.country=IN -Duser.language=en -Duser.variant -javaagent:C:\Users\hp\.gradle\wrapper\dists\gradle-8.10.2-all\7iv73wktx1xtkvlq19urqw1wm\gradle-8.10.2\lib\agents\gradle-instrumentation-agent-8.10.2.jar org.gradle.launcher.daemon.bootstrap.GradleDaemon 8.10.2

Host: Intel(R) Core(TM) i5-6300U CPU @ 2.40GHz, 4 cores, 7G,  Windows 10 , 64 bit Build 19041 (10.0.19041.5198)
Time: Mon Jan 13 12:56:44 2025 Arabian Standard Time elapsed time: 50.049108 seconds (0d 0h 0m 50s)

---------------  T H R E A D  ---------------

Current thread (0x000001a86734dc90):  VMThread "VM Thread" [stack: 0x00000033c6200000,0x00000033c6300000] [id=15012]

Stack: [0x00000033c6200000,0x00000033c6300000]
Native frames: (J=compiled Java code, j=interpreted, Vv=VM code, C=native code)
V  [jvm.dll+0x682a19]
V  [jvm.dll+0x839538]
V  [jvm.dll+0x83afe3]
V  [jvm.dll+0x83b653]
V  [jvm.dll+0x24704f]
V  [jvm.dll+0x67f809]
V  [jvm.dll+0x6746fa]
V  [jvm.dll+0x304a96]
V  [jvm.dll+0x30bf56]
V  [jvm.dll+0x35da5e]
V  [jvm.dll+0x35dc9d]
V  [jvm.dll+0x2dbe5c]
V  [jvm.dll+0x2da1ff]
V  [jvm.dll+0x2d996c]
V  [jvm.dll+0x31d14b]
V  [jvm.dll+0x83fe8d]
V  [jvm.dll+0x840bc3]
V  [jvm.dll+0x8410ef]
V  [jvm.dll+0x8414d4]
V  [jvm.dll+0x84159e]
V  [jvm.dll+0x7e8ffc]
V  [jvm.dll+0x6818f7]
C  [ucrtbase.dll+0x21bb2]
C  [KERNEL32.DLL+0x17374]
C  [ntdll.dll+0x4cc91]

VM_Operation (0x00000033c79f1f10): G1CollectForAllocation, mode: safepoint, requested by thread 0x000001a8675e8980


---------------  P R O C E S S  ---------------

Threads class SMR info:
_java_thread_list=0x000001a86d780860, length=91, elements={
0x000001a849772aa0, 0x000001a867357170, 0x000001a867357c40, 0x000001a86736f630,
0x000001a867372010, 0x000001a8673728e0, 0x000001a8673731b0, 0x000001a867375e70,
0x000001a8673817b0, 0x000001a8673da4c0, 0x000001a86733c1d0, 0x000001a8675f0550,
0x000001a86cb038a0, 0x000001a86d7ce440, 0x000001a86cdf74d0, 0x000001a86c0cf7a0,
0x000001a8675e6100, 0x000001a8675e7030, 0x000001a8675e8980, 0x000001a8675e6610,
0x000001a8675e7540, 0x000001a8675e51d0, 0x000001a8675e7f60, 0x000001a8675e8470,
0x000001a8675e56e0, 0x000001a86ddebec0, 0x000001a86ddee230, 0x000001a86ddeec50,
0x000001a86dded300, 0x000001a86ddea570, 0x000001a86ddeaf90, 0x000001a86ddef160,
0x000001a86ddef670, 0x000001a86ddeaa80, 0x000001a86dded810, 0x000001a86ddedd20,
0x000001a86ddee740, 0x000001a86ddeb4a0, 0x000001a86ddeb9b0, 0x000001a86e57dec0,
0x000001a86e57c570, 0x000001a86e57edf0, 0x000001a86e57c060, 0x000001a86e57ca80,
0x000001a86e57d4a0, 0x000001a86e57f300, 0x000001a86e57e8e0, 0x000001a86e57e3d0,
0x000001a86e57f810, 0x000001a86e57d9b0, 0x000001a86f44bc50, 0x000001a86f4493d0,
0x000001a86f4498e0, 0x000001a86f44dab0, 0x000001a86f44d5a0, 0x000001a86f44dfc0,
0x000001a86f447a80, 0x000001a86f44b230, 0x000001a86f44a810, 0x000001a86f44c670,
0x000001a86f44e4d0, 0x000001a86f447060, 0x000001a86f44b740, 0x000001a86f44c160,
0x000001a86f44e9e0, 0x000001a86f4484a0, 0x000001a86f447570, 0x000001a86f448ec0,
0x000001a86f449df0, 0x000001a86e0e5ef0, 0x000001a86e0e3670, 0x000001a86e0e6400,
0x000001a86e0e2230, 0x000001a86e0e3b80, 0x000001a86e0e4090, 0x000001a86e0e8260,
0x000001a86e0e6e20, 0x000001a86e0e45a0, 0x000001a86e0e8770, 0x000001a86e0e4fc0,
0x000001a86e0e9bb0, 0x000001a86e0e8c80, 0x000001a86e0e7330, 0x000001a86e0e9190,
0x000001a86e0e54d0, 0x000001a86e0e7840, 0x000001a86e0e96a0, 0x000001a86e0e7d50,
0x000001a86e0e2740, 0x000001a86e0e2c50, 0x000001a86f4489b0
}

Java Threads: ( => current thread )
  0x000001a849772aa0 JavaThread "main" [_thread_blocked, id=14236, stack(0x00000033c5c00000,0x00000033c5d00000)]
  0x000001a867357170 JavaThread "Reference Handler" daemon [_thread_blocked, id=17552, stack(0x00000033c6300000,0x00000033c6400000)]
  0x000001a867357c40 JavaThread "Finalizer" daemon [_thread_blocked, id=17388, stack(0x00000033c6400000,0x00000033c6500000)]
  0x000001a86736f630 JavaThread "Signal Dispatcher" daemon [_thread_blocked, id=18184, stack(0x00000033c6500000,0x00000033c6600000)]
  0x000001a867372010 JavaThread "Attach Listener" daemon [_thread_blocked, id=18208, stack(0x00000033c6600000,0x00000033c6700000)]
  0x000001a8673728e0 JavaThread "Service Thread" daemon [_thread_blocked, id=17820, stack(0x00000033c6700000,0x00000033c6800000)]
  0x000001a8673731b0 JavaThread "Monitor Deflation Thread" daemon [_thread_blocked, id=18408, stack(0x00000033c6800000,0x00000033c6900000)]
  0x000001a867375e70 JavaThread "C2 CompilerThread0" daemon [_thread_in_native, id=2692, stack(0x00000033c6900000,0x00000033c6a00000)]
  0x000001a8673817b0 JavaThread "C1 CompilerThread0" daemon [_thread_blocked, id=18588, stack(0x00000033c6a00000,0x00000033c6b00000)]
  0x000001a8673da4c0 JavaThread "Sweeper thread" daemon [_thread_blocked, id=1152, stack(0x00000033c6b00000,0x00000033c6c00000)]
  0x000001a86733c1d0 JavaThread "Common-Cleaner" daemon [_thread_blocked, id=16756, stack(0x00000033c6c00000,0x00000033c6d00000)]
  0x000001a8675f0550 JavaThread "Notification Thread" daemon [_thread_blocked, id=14148, stack(0x00000033c6d00000,0x00000033c6e00000)]
  0x000001a86cb038a0 JavaThread "Daemon health stats" [_thread_blocked, id=9656, stack(0x00000033c7300000,0x00000033c7400000)]
  0x000001a86d7ce440 JavaThread "Incoming local TCP Connector on port 54587" [_thread_in_native, id=12052, stack(0x00000033c7400000,0x00000033c7500000)]
  0x000001a86cdf74d0 JavaThread "Daemon periodic checks" [_thread_blocked, id=16068, stack(0x00000033c7500000,0x00000033c7600000)]
  0x000001a86c0cf7a0 JavaThread "Daemon" [_thread_blocked, id=19424, stack(0x00000033c7600000,0x00000033c7700000)]
  0x000001a8675e6100 JavaThread "Handler for socket connection from /127.0.0.1:54587 to /127.0.0.1:54588" [_thread_in_native, id=17604, stack(0x00000033c7700000,0x00000033c7800000)]
  0x000001a8675e7030 JavaThread "Cancel handler" [_thread_blocked, id=5024, stack(0x00000033c7800000,0x00000033c7900000)]
  0x000001a8675e8980 JavaThread "Daemon worker" [_thread_blocked, id=18320, stack(0x00000033c7900000,0x00000033c7a00000)]
  0x000001a8675e6610 JavaThread "Asynchronous log dispatcher for DefaultDaemonConnection: socket connection from /127.0.0.1:54587 to /127.0.0.1:54588" [_thread_blocked, id=7140, stack(0x00000033c7a00000,0x00000033c7b00000)]
  0x000001a8675e7540 JavaThread "Stdin handler" [_thread_blocked, id=4444, stack(0x00000033c7b00000,0x00000033c7c00000)]
  0x000001a8675e51d0 JavaThread "Daemon client event forwarder" [_thread_blocked, id=18168, stack(0x00000033c7c00000,0x00000033c7d00000)]
  0x000001a8675e7f60 JavaThread "Cache worker for journal cache (C:\Users\hp\.gradle\caches\journal-1)" [_thread_blocked, id=15588, stack(0x00000033c7d00000,0x00000033c7e00000)]
  0x000001a8675e8470 JavaThread "File lock request listener" [_thread_in_native, id=11928, stack(0x00000033c7e00000,0x00000033c7f00000)]
  0x000001a8675e56e0 JavaThread "Cache worker for file hash cache (C:\Users\hp\.gradle\caches\8.10.2\fileHashes)" [_thread_blocked, id=13612, stack(0x00000033c7f00000,0x00000033c8000000)]
  0x000001a86ddebec0 JavaThread "Cache worker for file hash cache (D:\Sonic\EHC\android\.gradle\8.10.2\fileHashes)" [_thread_blocked, id=16308, stack(0x00000033c8000000,0x00000033c8100000)]
  0x000001a86ddee230 JavaThread "Cache worker for Build Output Cleanup Cache (D:\Sonic\EHC\android\.gradle\buildOutputCleanup)" [_thread_blocked, id=7680, stack(0x00000033c8100000,0x00000033c8200000)]
  0x000001a86ddeec50 JavaThread "File watcher server" daemon [_thread_blocked, id=17852, stack(0x00000033c8200000,0x00000033c8300000)]
  0x000001a86dded300 JavaThread "File watcher consumer" daemon [_thread_blocked, id=18784, stack(0x00000033c8300000,0x00000033c8400000)]
  0x000001a86ddea570 JavaThread "Cache worker for checksums cache (D:\Sonic\EHC\android\.gradle\8.10.2\checksums)" [_thread_blocked, id=2324, stack(0x00000033c8400000,0x00000033c8500000)]
  0x000001a86ddeaf90 JavaThread "Cache worker for file content cache (C:\Users\hp\.gradle\caches\8.10.2\fileContent)" [_thread_blocked, id=9300, stack(0x00000033c8500000,0x00000033c8600000)]
  0x000001a86ddef160 JavaThread "Cache worker for cache directory md-rule (C:\Users\hp\.gradle\caches\8.10.2\md-rule)" [_thread_blocked, id=10200, stack(0x00000033c8600000,0x00000033c8700000)]
  0x000001a86ddef670 JavaThread "Cache worker for cache directory md-supplier (C:\Users\hp\.gradle\caches\8.10.2\md-supplier)" [_thread_blocked, id=17116, stack(0x00000033c8700000,0x00000033c8800000)]
  0x000001a86ddeaa80 JavaThread "jar transforms" [_thread_blocked, id=9224, stack(0x00000033c8900000,0x00000033c8a00000)]
  0x000001a86dded810 JavaThread "Cache worker for Build Output Cleanup Cache (D:\Sonic\EHC\node_modules\@react-native\gradle-plugin\.gradle\buildOutputCleanup)" [_thread_blocked, id=1544, stack(0x00000033c8a00000,0x00000033c8b00000)]
  0x000001a86ddedd20 JavaThread "Unconstrained build operations" [_thread_blocked, id=2528, stack(0x00000033c8c00000,0x00000033c8d00000)]
  0x000001a86ddee740 JavaThread "Unconstrained build operations Thread 2" [_thread_blocked, id=13240, stack(0x00000033c8d00000,0x00000033c8e00000)]
  0x000001a86ddeb4a0 JavaThread "Unconstrained build operations Thread 3" [_thread_blocked, id=10220, stack(0x00000033c8e00000,0x00000033c8f00000)]
  0x000001a86ddeb9b0 JavaThread "Unconstrained build operations Thread 4" [_thread_blocked, id=15396, stack(0x00000033c8f00000,0x00000033c9000000)]
  0x000001a86e57dec0 JavaThread "Unconstrained build operations Thread 5" [_thread_blocked, id=6548, stack(0x00000033c9000000,0x00000033c9100000)]
  0x000001a86e57c570 JavaThread "Unconstrained build operations Thread 6" [_thread_blocked, id=904, stack(0x00000033c9100000,0x00000033c9200000)]
  0x000001a86e57edf0 JavaThread "Unconstrained build operations Thread 7" [_thread_blocked, id=12224, stack(0x00000033c9200000,0x00000033c9300000)]
  0x000001a86e57c060 JavaThread "Unconstrained build operations Thread 8" [_thread_blocked, id=16792, stack(0x00000033c9300000,0x00000033c9400000)]
  0x000001a86e57ca80 JavaThread "Unconstrained build operations Thread 9" [_thread_blocked, id=5260, stack(0x00000033c9400000,0x00000033c9500000)]
  0x000001a86e57d4a0 JavaThread "Unconstrained build operations Thread 10" [_thread_blocked, id=2756, stack(0x00000033c9500000,0x00000033c9600000)]
  0x000001a86e57f300 JavaThread "Unconstrained build operations Thread 11" [_thread_blocked, id=1336, stack(0x00000033c9600000,0x00000033c9700000)]
  0x000001a86e57e8e0 JavaThread "Unconstrained build operations Thread 12" [_thread_blocked, id=4980, stack(0x00000033c9700000,0x00000033c9800000)]
  0x000001a86e57e3d0 JavaThread "Unconstrained build operations Thread 13" [_thread_blocked, id=6928, stack(0x00000033c9800000,0x00000033c9900000)]
  0x000001a86e57f810 JavaThread "Unconstrained build operations Thread 14" [_thread_blocked, id=12260, stack(0x00000033c9900000,0x00000033c9a00000)]
  0x000001a86e57d9b0 JavaThread "Unconstrained build operations Thread 15" [_thread_blocked, id=18832, stack(0x00000033c9a00000,0x00000033c9b00000)]
  0x000001a86f44bc50 JavaThread "Memory manager" [_thread_blocked, id=20028, stack(0x00000033c9b00000,0x00000033c9c00000)]
  0x000001a86f4493d0 JavaThread "build event listener" [_thread_blocked, id=19308, stack(0x00000033c9c00000,0x00000033c9d00000)]
  0x000001a86f4498e0 JavaThread "ForkJoinPool.commonPool-worker-1" daemon [_thread_blocked, id=17308, stack(0x00000033c9d00000,0x00000033c9e00000)]
  0x000001a86f44dab0 JavaThread "ForkJoinPool.commonPool-worker-2" daemon [_thread_blocked, id=7536, stack(0x00000033c9e00000,0x00000033c9f00000)]
  0x000001a86f44d5a0 JavaThread "ForkJoinPool.commonPool-worker-3" daemon [_thread_blocked, id=13252, stack(0x00000033c9f00000,0x00000033ca000000)]
  0x000001a86f44dfc0 JavaThread "Exec process" daemon [_thread_blocked, id=11396, stack(0x00000033ca000000,0x00000033ca100000)]
  0x000001a86f447a80 JavaThread "Exec process Thread 2" daemon [_thread_blocked, id=16320, stack(0x00000033ca100000,0x00000033ca200000)]
  0x000001a86f44b230 JavaThread "Exec process Thread 3" daemon [_thread_blocked, id=14512, stack(0x00000033ca200000,0x00000033ca300000)]
  0x000001a86f44a810 JavaThread "included builds" [_thread_blocked, id=14164, stack(0x00000033ca500000,0x00000033ca600000)]
  0x000001a86f44c670 JavaThread "Execution worker" [_thread_blocked, id=6936, stack(0x00000033ca600000,0x00000033ca700000)]
  0x000001a86f44e4d0 JavaThread "Execution worker Thread 2" [_thread_blocked, id=15956, stack(0x00000033ca700000,0x00000033ca800000)]
  0x000001a86f447060 JavaThread "Execution worker Thread 3" [_thread_blocked, id=3824, stack(0x00000033ca800000,0x00000033ca900000)]
  0x000001a86f44b740 JavaThread "Cache worker for execution history cache (D:\Sonic\EHC\node_modules\@react-native\gradle-plugin\.gradle\8.10.2\executionHistory)" [_thread_blocked, id=16680, stack(0x00000033ca900000,0x00000033caa00000)]
  0x000001a86f44c160 JavaThread "Unconstrained build operations Thread 16" [_thread_blocked, id=16964, stack(0x00000033caa00000,0x00000033cab00000)]
  0x000001a86f44e9e0 JavaThread "Unconstrained build operations Thread 17" [_thread_blocked, id=19928, stack(0x00000033cab00000,0x00000033cac00000)]
  0x000001a86f4484a0 JavaThread "Unconstrained build operations Thread 18" [_thread_blocked, id=12164, stack(0x00000033cac00000,0x00000033cad00000)]
  0x000001a86f447570 JavaThread "Unconstrained build operations Thread 19" [_thread_blocked, id=13220, stack(0x00000033cad00000,0x00000033cae00000)]
  0x000001a86f448ec0 JavaThread "Unconstrained build operations Thread 20" [_thread_blocked, id=18880, stack(0x00000033cae00000,0x00000033caf00000)]
  0x000001a86f449df0 JavaThread "Unconstrained build operations Thread 21" [_thread_blocked, id=18004, stack(0x00000033caf00000,0x00000033cb000000)]
  0x000001a86e0e5ef0 JavaThread "Unconstrained build operations Thread 22" [_thread_blocked, id=12640, stack(0x00000033cb000000,0x00000033cb100000)]
  0x000001a86e0e3670 JavaThread "Unconstrained build operations Thread 23" [_thread_blocked, id=17476, stack(0x00000033cb100000,0x00000033cb200000)]
  0x000001a86e0e6400 JavaThread "Unconstrained build operations Thread 24" [_thread_blocked, id=12160, stack(0x00000033cb200000,0x00000033cb300000)]
  0x000001a86e0e2230 JavaThread "Unconstrained build operations Thread 25" [_thread_blocked, id=16820, stack(0x00000033cb300000,0x00000033cb400000)]
  0x000001a86e0e3b80 JavaThread "Unconstrained build operations Thread 26" [_thread_blocked, id=18476, stack(0x00000033cb400000,0x00000033cb500000)]
  0x000001a86e0e4090 JavaThread "Unconstrained build operations Thread 27" [_thread_blocked, id=2160, stack(0x00000033cb500000,0x00000033cb600000)]
  0x000001a86e0e8260 JavaThread "Unconstrained build operations Thread 28" [_thread_blocked, id=15784, stack(0x00000033cb600000,0x00000033cb700000)]
  0x000001a86e0e6e20 JavaThread "Unconstrained build operations Thread 29" [_thread_blocked, id=11188, stack(0x00000033cb700000,0x00000033cb800000)]
  0x000001a86e0e45a0 JavaThread "Unconstrained build operations Thread 30" [_thread_blocked, id=15652, stack(0x00000033cb800000,0x00000033cb900000)]
  0x000001a86e0e8770 JavaThread "Unconstrained build operations Thread 31" [_thread_blocked, id=20328, stack(0x00000033cb900000,0x00000033cba00000)]
  0x000001a86e0e4fc0 JavaThread "Unconstrained build operations Thread 32" [_thread_blocked, id=6236, stack(0x00000033cba00000,0x00000033cbb00000)]
  0x000001a86e0e9bb0 JavaThread "Unconstrained build operations Thread 33" [_thread_blocked, id=15732, stack(0x00000033cbb00000,0x00000033cbc00000)]
  0x000001a86e0e8c80 JavaThread "Unconstrained build operations Thread 34" [_thread_blocked, id=19452, stack(0x00000033cbc00000,0x00000033cbd00000)]
  0x000001a86e0e7330 JavaThread "Unconstrained build operations Thread 35" [_thread_blocked, id=18240, stack(0x00000033cbd00000,0x00000033cbe00000)]
  0x000001a86e0e9190 JavaThread "Unconstrained build operations Thread 36" [_thread_blocked, id=6652, stack(0x00000033cbe00000,0x00000033cbf00000)]
  0x000001a86e0e54d0 JavaThread "jar transforms Thread 2" [_thread_blocked, id=17816, stack(0x00000033cbf00000,0x00000033cc000000)]
  0x000001a86e0e7840 JavaThread "jar transforms Thread 3" [_thread_blocked, id=2684, stack(0x00000033cc000000,0x00000033cc100000)]
  0x000001a86e0e96a0 JavaThread "Unconstrained build operations Thread 37" [_thread_blocked, id=13376, stack(0x00000033cc100000,0x00000033cc200000)]
  0x000001a86e0e7d50 JavaThread "Unconstrained build operations Thread 38" [_thread_blocked, id=9124, stack(0x00000033cc200000,0x00000033cc300000)]
  0x000001a86e0e2740 JavaThread "Unconstrained build operations Thread 39" [_thread_blocked, id=10400, stack(0x00000033cc300000,0x00000033cc400000)]
  0x000001a86e0e2c50 JavaThread "Unconstrained build operations Thread 40" [_thread_blocked, id=15068, stack(0x00000033cc400000,0x00000033cc500000)]
  0x000001a86f4489b0 JavaThread "jar transforms Thread 4" [_thread_blocked, id=1920, stack(0x00000033cc500000,0x00000033cc600000)]

Other Threads:
=>0x000001a86734dc90 VMThread "VM Thread" [stack: 0x00000033c6200000,0x00000033c6300000] [id=15012]
  0x000001a867659b60 WatcherThread [stack: 0x00000033c6e00000,0x00000033c6f00000] [id=1648]
  0x000001a8497cff00 GCTaskThread "GC Thread#0" [stack: 0x00000033c5d00000,0x00000033c5e00000] [id=9540]
  0x000001a867728860 GCTaskThread "GC Thread#1" [stack: 0x00000033c6f00000,0x00000033c7000000] [id=11328]
  0x000001a867728b20 GCTaskThread "GC Thread#2" [stack: 0x00000033c7000000,0x00000033c7100000] [id=19268]
  0x000001a86c6945a0 GCTaskThread "GC Thread#3" [stack: 0x00000033c7100000,0x00000033c7200000] [id=6796]
  0x000001a8497e0d60 ConcurrentGCThread "G1 Main Marker" [stack: 0x00000033c5e00000,0x00000033c5f00000] [id=1892]
  0x000001a8497e1690 ConcurrentGCThread "G1 Conc#0" [stack: 0x00000033c5f00000,0x00000033c6000000] [id=17992]
  0x000001a84982e6a0 ConcurrentGCThread "G1 Refine#0" [stack: 0x00000033c6000000,0x00000033c6100000] [id=9648]
  0x000001a867744440 ConcurrentGCThread "G1 Refine#1" [stack: 0x00000033c7200000,0x00000033c7300000] [id=11012]
  0x000001a86dbe4ba0 ConcurrentGCThread "G1 Refine#2" [stack: 0x00000033c8800000,0x00000033c8900000] [id=6864]
  0x000001a867208240 ConcurrentGCThread "G1 Service" [stack: 0x00000033c6100000,0x00000033c6200000] [id=12876]

Threads with active compile tasks:
C2 CompilerThread0    50136 11741       4       org.gradle.internal.instantiation.generator.AbstractClassGenerator::inspectType (560 bytes)

VM state: at safepoint (normal execution)

VM Mutex/Monitor currently owned by a thread:  ([mutex/lock_event])
[0x000001a84976ebc0] Threads_lock - owner thread: 0x000001a86734dc90
[0x000001a84976faf0] Heap_lock - owner thread: 0x000001a8675e8980

Heap address: 0x0000000080000000, size: 2048 MB, Compressed Oops mode: 32-bit

CDS archive(s) mapped at: [0x000001a800000000-0x000001a800bb0000-0x000001a800bb0000), size 12255232, SharedBaseAddress: 0x000001a800000000, ArchiveRelocationMode: 1.
Compressed class space mapped at: 0x000001a801000000-0x000001a81b000000, reserved size: 436207616
Narrow klass base: 0x000001a800000000, Narrow klass shift: 0, Narrow klass range: 0x100000000

GC Precious Log:
 CPUs: 4 total, 4 available
 Memory: 8072M
 Large Page Support: Disabled
 NUMA Support: Disabled
 Compressed Oops: Enabled (32-bit)
 Heap Region Size: 1M
 Heap Min Capacity: 8M
 Heap Initial Capacity: 128M
 Heap Max Capacity: 2G
 Pre-touch: Disabled
 Parallel Workers: 4
 Concurrent Workers: 1
 Concurrent Refinement Workers: 4
 Periodic GC: Disabled

Heap:
 garbage-first heap   total 171008K, used 99079K [0x0000000080000000, 0x0000000100000000)
  region size 1024K, 1 young (1024K), 1 survivors (1024K)
 Metaspace       used 80412K, committed 81344K, reserved 557056K
  class space    used 11195K, committed 11648K, reserved 425984K

Heap Regions: E=young(eden), S=young(survivor), O=old, HS=humongous(starts), HC=humongous(continues), CS=collection set, F=free, OA=open archive, CA=closed archive, TAMS=top-at-mark-start (previous, next)
|   0|0x0000000080000000, 0x0000000080100000, 0x0000000080100000|100%|HS|  |TAMS 0x0000000080100000, 0x0000000080000000| Complete 
|   1|0x0000000080100000, 0x0000000080200000, 0x0000000080200000|100%|HC|  |TAMS 0x0000000080200000, 0x0000000080100000| Complete 
|   2|0x0000000080200000, 0x0000000080300000, 0x0000000080300000|100%|HC|  |TAMS 0x0000000080300000, 0x0000000080200000| Complete 
|   3|0x0000000080300000, 0x0000000080400000, 0x0000000080400000|100%|HC|  |TAMS 0x0000000080400000, 0x0000000080300000| Complete 
|   4|0x0000000080400000, 0x0000000080500000, 0x0000000080500000|100%| O|  |TAMS 0x0000000080500000, 0x0000000080400000| Untracked 
|   5|0x0000000080500000, 0x0000000080600000, 0x0000000080600000|100%| O|  |TAMS 0x0000000080600000, 0x0000000080500000| Untracked 
|   6|0x0000000080600000, 0x0000000080700000, 0x0000000080700000|100%| O|  |TAMS 0x0000000080700000, 0x0000000080600000| Untracked 
|   7|0x0000000080700000, 0x0000000080800000, 0x0000000080800000|100%| O|  |TAMS 0x0000000080800000, 0x0000000080700000| Untracked 
|   8|0x0000000080800000, 0x0000000080900000, 0x0000000080900000|100%|HS|  |TAMS 0x0000000080900000, 0x0000000080800000| Complete 
|   9|0x0000000080900000, 0x0000000080a00000, 0x0000000080a00000|100%| O|  |TAMS 0x0000000080a00000, 0x0000000080900000| Untracked 
|  10|0x0000000080a00000, 0x0000000080b00000, 0x0000000080b00000|100%| O|  |TAMS 0x0000000080b00000, 0x0000000080a00000| Untracked 
|  11|0x0000000080b00000, 0x0000000080c00000, 0x0000000080c00000|100%| O|  |TAMS 0x0000000080c00000, 0x0000000080b00000| Untracked 
|  12|0x0000000080c00000, 0x0000000080d00000, 0x0000000080d00000|100%| O|  |TAMS 0x0000000080d00000, 0x0000000080c00000| Untracked 
|  13|0x0000000080d00000, 0x0000000080e00000, 0x0000000080e00000|100%| O|  |TAMS 0x0000000080e00000, 0x0000000080d00000| Untracked 
|  14|0x0000000080e00000, 0x0000000080f00000, 0x0000000080f00000|100%| O|  |TAMS 0x0000000080f00000, 0x0000000080e00000| Untracked 
|  15|0x0000000080f00000, 0x0000000081000000, 0x0000000081000000|100%| O|  |TAMS 0x0000000081000000, 0x0000000080f00000| Untracked 
|  16|0x0000000081000000, 0x0000000081100000, 0x0000000081100000|100%| O|  |TAMS 0x0000000081100000, 0x0000000081000000| Untracked 
|  17|0x0000000081100000, 0x0000000081200000, 0x0000000081200000|100%| O|  |TAMS 0x0000000081200000, 0x0000000081100000| Untracked 
|  18|0x0000000081200000, 0x0000000081300000, 0x0000000081300000|100%| O|  |TAMS 0x0000000081300000, 0x0000000081200000| Untracked 
|  19|0x0000000081300000, 0x0000000081400000, 0x0000000081400000|100%| O|  |TAMS 0x0000000081400000, 0x0000000081300000| Untracked 
|  20|0x0000000081400000, 0x0000000081500000, 0x0000000081500000|100%| O|  |TAMS 0x0000000081500000, 0x0000000081400000| Untracked 
|  21|0x0000000081500000, 0x0000000081600000, 0x0000000081600000|100%| O|  |TAMS 0x0000000081600000, 0x0000000081500000| Untracked 
|  22|0x0000000081600000, 0x0000000081700000, 0x0000000081700000|100%| O|  |TAMS 0x0000000081700000, 0x0000000081600000| Untracked 
|  23|0x0000000081700000, 0x0000000081800000, 0x0000000081800000|100%| O|  |TAMS 0x0000000081800000, 0x0000000081700000| Untracked 
|  24|0x0000000081800000, 0x0000000081900000, 0x0000000081900000|100%| O|  |TAMS 0x0000000081900000, 0x0000000081800000| Untracked 
|  25|0x0000000081900000, 0x0000000081a00000, 0x0000000081a00000|100%| O|  |TAMS 0x0000000081a00000, 0x0000000081900000| Untracked 
|  26|0x0000000081a00000, 0x0000000081b00000, 0x0000000081b00000|100%| O|  |TAMS 0x0000000081b00000, 0x0000000081a00000| Untracked 
|  27|0x0000000081b00000, 0x0000000081c00000, 0x0000000081c00000|100%| O|  |TAMS 0x0000000081c00000, 0x0000000081b00000| Untracked 
|  28|0x0000000081c00000, 0x0000000081d00000, 0x0000000081d00000|100%| O|  |TAMS 0x0000000081d00000, 0x0000000081c00000| Untracked 
|  29|0x0000000081d00000, 0x0000000081e00000, 0x0000000081e00000|100%| O|  |TAMS 0x0000000081e00000, 0x0000000081d00000| Untracked 
|  30|0x0000000081e00000, 0x0000000081f00000, 0x0000000081f00000|100%| O|  |TAMS 0x0000000081f00000, 0x0000000081e00000| Untracked 
|  31|0x0000000081f00000, 0x0000000082000000, 0x0000000082000000|100%| O|  |TAMS 0x0000000082000000, 0x0000000081f00000| Untracked 
|  32|0x0000000082000000, 0x0000000082100000, 0x0000000082100000|100%| O|  |TAMS 0x0000000082100000, 0x0000000082000000| Untracked 
|  33|0x0000000082100000, 0x0000000082200000, 0x0000000082200000|100%| O|  |TAMS 0x0000000082200000, 0x0000000082100000| Untracked 
|  34|0x0000000082200000, 0x0000000082300000, 0x0000000082300000|100%| O|  |TAMS 0x0000000082300000, 0x0000000082200000| Untracked 
|  35|0x0000000082300000, 0x0000000082400000, 0x0000000082400000|100%| O|  |TAMS 0x0000000082400000, 0x0000000082300000| Untracked 
|  36|0x0000000082400000, 0x0000000082500000, 0x0000000082500000|100%| O|  |TAMS 0x0000000082500000, 0x0000000082400000| Untracked 
|  37|0x0000000082500000, 0x0000000082500000, 0x0000000082600000|  0%| F|  |TAMS 0x0000000082500000, 0x0000000082500000| Untracked 
|  38|0x0000000082600000, 0x0000000082700000, 0x0000000082700000|100%| O|  |TAMS 0x0000000082700000, 0x0000000082600000| Untracked 
|  39|0x0000000082700000, 0x0000000082800000, 0x0000000082800000|100%| O|  |TAMS 0x0000000082800000, 0x0000000082700000| Untracked 
|  40|0x0000000082800000, 0x0000000082900000, 0x0000000082900000|100%| O|  |TAMS 0x0000000082900000, 0x0000000082800000| Untracked 
|  41|0x0000000082900000, 0x0000000082a00000, 0x0000000082a00000|100%| O|  |TAMS 0x0000000082a00000, 0x0000000082900000| Untracked 
|  42|0x0000000082a00000, 0x0000000082b00000, 0x0000000082b00000|100%| O|  |TAMS 0x0000000082b00000, 0x0000000082a00000| Untracked 
|  43|0x0000000082b00000, 0x0000000082c00000, 0x0000000082c00000|100%|HS|  |TAMS 0x0000000082c00000, 0x0000000082b00000| Complete 
|  44|0x0000000082c00000, 0x0000000082d00000, 0x0000000082d00000|100%| O|  |TAMS 0x0000000082d00000, 0x0000000082c00000| Untracked 
|  45|0x0000000082d00000, 0x0000000082e00000, 0x0000000082e00000|100%|HS|  |TAMS 0x0000000082e00000, 0x0000000082d00000| Complete 
|  46|0x0000000082e00000, 0x0000000082f00000, 0x0000000082f00000|100%|HC|  |TAMS 0x0000000082f00000, 0x0000000082e00000| Complete 
|  47|0x0000000082f00000, 0x0000000083000000, 0x0000000083000000|100%|HS|  |TAMS 0x0000000083000000, 0x0000000082f00000| Complete 
|  48|0x0000000083000000, 0x0000000083100000, 0x0000000083100000|100%|HC|  |TAMS 0x0000000083100000, 0x0000000083000000| Complete 
|  49|0x0000000083100000, 0x0000000083200000, 0x0000000083200000|100%| O|  |TAMS 0x0000000083200000, 0x0000000083100000| Untracked 
|  50|0x0000000083200000, 0x0000000083300000, 0x0000000083300000|100%|HS|  |TAMS 0x0000000083300000, 0x0000000083200000| Complete 
|  51|0x0000000083300000, 0x0000000083400000, 0x0000000083400000|100%|HC|  |TAMS 0x0000000083400000, 0x0000000083300000| Complete 
|  52|0x0000000083400000, 0x0000000083500000, 0x0000000083500000|100%|HC|  |TAMS 0x0000000083500000, 0x0000000083400000| Complete 
|  53|0x0000000083500000, 0x0000000083600000, 0x0000000083600000|100%|HC|  |TAMS 0x0000000083600000, 0x0000000083500000| Complete 
|  54|0x0000000083600000, 0x0000000083700000, 0x0000000083700000|100%|HS|  |TAMS 0x0000000083700000, 0x0000000083600000| Complete 
|  55|0x0000000083700000, 0x0000000083800000, 0x0000000083800000|100%|HC|  |TAMS 0x0000000083800000, 0x0000000083700000| Complete 
|  56|0x0000000083800000, 0x0000000083900000, 0x0000000083900000|100%|HC|  |TAMS 0x0000000083900000, 0x0000000083800000| Complete 
|  57|0x0000000083900000, 0x0000000083a00000, 0x0000000083a00000|100%|HC|  |TAMS 0x0000000083a00000, 0x0000000083900000| Complete 
|  58|0x0000000083a00000, 0x0000000083b00000, 0x0000000083b00000|100%| O|  |TAMS 0x0000000083b00000, 0x0000000083a00000| Untracked 
|  59|0x0000000083b00000, 0x0000000083c00000, 0x0000000083c00000|100%| O|  |TAMS 0x0000000083c00000, 0x0000000083b00000| Untracked 
|  60|0x0000000083c00000, 0x0000000083d00000, 0x0000000083d00000|100%| O|  |TAMS 0x0000000083d00000, 0x0000000083c00000| Untracked 
|  61|0x0000000083d00000, 0x0000000083e00000, 0x0000000083e00000|100%| O|  |TAMS 0x0000000083e00000, 0x0000000083d00000| Untracked 
|  62|0x0000000083e00000, 0x0000000083f00000, 0x0000000083f00000|100%| O|  |TAMS 0x0000000083f00000, 0x0000000083e00000| Untracked 
|  63|0x0000000083f00000, 0x0000000084000000, 0x0000000084000000|100%| O|  |TAMS 0x0000000084000000, 0x0000000083f00000| Untracked 
|  64|0x0000000084000000, 0x0000000084100000, 0x0000000084100000|100%| O|  |TAMS 0x0000000084100000, 0x0000000084000000| Untracked 
|  65|0x0000000084100000, 0x0000000084200000, 0x0000000084200000|100%| O|  |TAMS 0x0000000084200000, 0x0000000084100000| Untracked 
|  66|0x0000000084200000, 0x0000000084300000, 0x0000000084300000|100%| O|  |TAMS 0x0000000084300000, 0x0000000084200000| Untracked 
|  67|0x0000000084300000, 0x0000000084400000, 0x0000000084400000|100%| O|  |TAMS 0x0000000084400000, 0x0000000084300000| Untracked 
|  68|0x0000000084400000, 0x0000000084500000, 0x0000000084500000|100%| O|  |TAMS 0x0000000084500000, 0x0000000084400000| Untracked 
|  69|0x0000000084500000, 0x0000000084600000, 0x0000000084600000|100%| O|  |TAMS 0x0000000084600000, 0x0000000084500000| Untracked 
|  70|0x0000000084600000, 0x0000000084700000, 0x0000000084700000|100%| O|  |TAMS 0x0000000084700000, 0x0000000084600000| Untracked 
|  71|0x0000000084700000, 0x0000000084800000, 0x0000000084800000|100%| O|  |TAMS 0x0000000084800000, 0x0000000084700000| Untracked 
|  72|0x0000000084800000, 0x0000000084900000, 0x0000000084900000|100%| O|  |TAMS 0x0000000084900000, 0x0000000084800000| Untracked 
|  73|0x0000000084900000, 0x0000000084a00000, 0x0000000084a00000|100%| O|  |TAMS 0x0000000084a00000, 0x0000000084900000| Untracked 
|  74|0x0000000084a00000, 0x0000000084a00000, 0x0000000084b00000|  0%| F|  |TAMS 0x0000000084a00000, 0x0000000084a00000| Untracked 
|  75|0x0000000084b00000, 0x0000000084c00000, 0x0000000084c00000|100%| O|  |TAMS 0x0000000084c00000, 0x0000000084b00000| Untracked 
|  76|0x0000000084c00000, 0x0000000084d00000, 0x0000000084d00000|100%| O|  |TAMS 0x0000000084d00000, 0x0000000084c00000| Untracked 
|  77|0x0000000084d00000, 0x0000000084e00000, 0x0000000084e00000|100%| O|  |TAMS 0x0000000084e00000, 0x0000000084d00000| Untracked 
|  78|0x0000000084e00000, 0x0000000084f00000, 0x0000000084f00000|100%| O|  |TAMS 0x0000000084f00000, 0x0000000084e00000| Untracked 
|  79|0x0000000084f00000, 0x0000000085000000, 0x0000000085000000|100%| O|  |TAMS 0x0000000085000000, 0x0000000084f00000| Untracked 
|  80|0x0000000085000000, 0x0000000085100000, 0x0000000085100000|100%| O|  |TAMS 0x0000000085100000, 0x0000000085000000| Untracked 
|  81|0x0000000085100000, 0x0000000085200000, 0x0000000085200000|100%| O|  |TAMS 0x0000000085200000, 0x0000000085100000| Untracked 
|  82|0x0000000085200000, 0x0000000085300000, 0x0000000085300000|100%| O|  |TAMS 0x0000000085300000, 0x0000000085200000| Untracked 
|  83|0x0000000085300000, 0x0000000085400000, 0x0000000085400000|100%| O|  |TAMS 0x00000000853b8600, 0x0000000085300000| Untracked 
|  84|0x0000000085400000, 0x0000000085500000, 0x0000000085500000|100%|HS|  |TAMS 0x0000000085500000, 0x0000000085400000| Complete 
|  85|0x0000000085500000, 0x0000000085600000, 0x0000000085600000|100%|HS|  |TAMS 0x0000000085600000, 0x0000000085500000| Complete 
|  86|0x0000000085600000, 0x0000000085700000, 0x0000000085700000|100%|HS|  |TAMS 0x0000000085700000, 0x0000000085600000| Complete 
|  87|0x0000000085700000, 0x0000000085800000, 0x0000000085800000|100%| O|  |TAMS 0x0000000085700000, 0x0000000085700000| Untracked 
|  88|0x0000000085800000, 0x0000000085900000, 0x0000000085900000|100%|HS|  |TAMS 0x0000000085800000, 0x0000000085800000| Complete 
|  89|0x0000000085900000, 0x0000000085a00000, 0x0000000085a00000|100%|HS|  |TAMS 0x0000000085900000, 0x0000000085900000| Complete 
|  90|0x0000000085a00000, 0x0000000085b00000, 0x0000000085b00000|100%| O|  |TAMS 0x0000000085a00000, 0x0000000085a00000| Untracked 
|  91|0x0000000085b00000, 0x0000000085c00000, 0x0000000085c00000|100%| O|  |TAMS 0x0000000085b00000, 0x0000000085b00000| Untracked 
|  92|0x0000000085c00000, 0x0000000085d00000, 0x0000000085d00000|100%| O|  |TAMS 0x0000000085c00000, 0x0000000085c00000| Untracked 
|  93|0x0000000085d00000, 0x0000000085e00000, 0x0000000085e00000|100%| O|  |TAMS 0x0000000085d00000, 0x0000000085d00000| Untracked 
|  94|0x0000000085e00000, 0x0000000085f00000, 0x0000000085f00000|100%| O|  |TAMS 0x0000000085e00000, 0x0000000085e00000| Untracked 
|  95|0x0000000085f00000, 0x0000000086000000, 0x0000000086000000|100%| O|  |TAMS 0x0000000085f00000, 0x0000000085f00000| Untracked 
|  96|0x0000000086000000, 0x0000000086100000, 0x0000000086100000|100%| O|  |TAMS 0x0000000086000000, 0x0000000086000000| Untracked 
|  97|0x0000000086100000, 0x0000000086200000, 0x0000000086200000|100%| O|  |TAMS 0x0000000086100000, 0x0000000086100000| Untracked 
|  98|0x0000000086200000, 0x000000008626c600, 0x0000000086300000| 42%| O|  |TAMS 0x0000000086200000, 0x0000000086200000| Untracked 
|  99|0x0000000086300000, 0x0000000086300000, 0x0000000086400000|  0%| F|  |TAMS 0x0000000086300000, 0x0000000086300000| Untracked 
| 100|0x0000000086400000, 0x0000000086400000, 0x0000000086500000|  0%| F|  |TAMS 0x0000000086400000, 0x0000000086400000| Untracked 
| 101|0x0000000086500000, 0x0000000086500000, 0x0000000086600000|  0%| F|  |TAMS 0x0000000086500000, 0x0000000086500000| Untracked 
| 102|0x0000000086600000, 0x0000000086600000, 0x0000000086700000|  0%| F|  |TAMS 0x0000000086600000, 0x0000000086600000| Untracked 
| 103|0x0000000086700000, 0x0000000086700000, 0x0000000086800000|  0%| F|  |TAMS 0x0000000086700000, 0x0000000086700000| Untracked 
| 104|0x0000000086800000, 0x0000000086800000, 0x0000000086900000|  0%| F|  |TAMS 0x0000000086800000, 0x0000000086800000| Untracked 
| 105|0x0000000086900000, 0x0000000086900000, 0x0000000086a00000|  0%| F|  |TAMS 0x0000000086900000, 0x0000000086900000| Untracked 
| 106|0x0000000086a00000, 0x0000000086a00000, 0x0000000086b00000|  0%| F|  |TAMS 0x0000000086a00000, 0x0000000086a00000| Untracked 
| 107|0x0000000086b00000, 0x0000000086b00000, 0x0000000086c00000|  0%| F|  |TAMS 0x0000000086b00000, 0x0000000086b00000| Untracked 
| 108|0x0000000086c00000, 0x0000000086c00000, 0x0000000086d00000|  0%| F|  |TAMS 0x0000000086c00000, 0x0000000086c00000| Untracked 
| 109|0x0000000086d00000, 0x0000000086d00000, 0x0000000086e00000|  0%| F|  |TAMS 0x0000000086d00000, 0x0000000086d00000| Untracked 
| 110|0x0000000086e00000, 0x0000000086e00000, 0x0000000086f00000|  0%| F|  |TAMS 0x0000000086e00000, 0x0000000086e00000| Untracked 
| 111|0x0000000086f00000, 0x0000000086f00000, 0x0000000087000000|  0%| F|  |TAMS 0x0000000086f00000, 0x0000000086f00000| Untracked 
| 112|0x0000000087000000, 0x0000000087000000, 0x0000000087100000|  0%| F|  |TAMS 0x0000000087000000, 0x0000000087000000| Untracked 
| 113|0x0000000087100000, 0x0000000087100000, 0x0000000087200000|  0%| F|  |TAMS 0x0000000087100000, 0x0000000087100000| Untracked 
| 114|0x0000000087200000, 0x0000000087200000, 0x0000000087300000|  0%| F|  |TAMS 0x0000000087200000, 0x0000000087200000| Untracked 
| 115|0x0000000087300000, 0x0000000087300000, 0x0000000087400000|  0%| F|  |TAMS 0x0000000087300000, 0x0000000087300000| Untracked 
| 116|0x0000000087400000, 0x0000000087400000, 0x0000000087500000|  0%| F|  |TAMS 0x0000000087400000, 0x0000000087400000| Untracked 
| 117|0x0000000087500000, 0x0000000087500000, 0x0000000087600000|  0%| F|  |TAMS 0x0000000087500000, 0x0000000087500000| Untracked 
| 118|0x0000000087600000, 0x0000000087600000, 0x0000000087700000|  0%| F|  |TAMS 0x0000000087600000, 0x0000000087600000| Untracked 
| 119|0x0000000087700000, 0x0000000087700000, 0x0000000087800000|  0%| F|  |TAMS 0x0000000087700000, 0x0000000087700000| Untracked 
| 120|0x0000000087800000, 0x0000000087800000, 0x0000000087900000|  0%| F|  |TAMS 0x0000000087800000, 0x0000000087800000| Untracked 
| 121|0x0000000087900000, 0x0000000087900000, 0x0000000087a00000|  0%| F|  |TAMS 0x0000000087900000, 0x0000000087900000| Untracked 
| 122|0x0000000087a00000, 0x0000000087a00000, 0x0000000087b00000|  0%| F|  |TAMS 0x0000000087a00000, 0x0000000087a00000| Untracked 
| 123|0x0000000087b00000, 0x0000000087b00000, 0x0000000087c00000|  0%| F|  |TAMS 0x0000000087b00000, 0x0000000087b00000| Untracked 
| 124|0x0000000087c00000, 0x0000000087c00000, 0x0000000087d00000|  0%| F|  |TAMS 0x0000000087c00000, 0x0000000087c00000| Untracked 
| 125|0x0000000087d00000, 0x0000000087d00000, 0x0000000087e00000|  0%| F|  |TAMS 0x0000000087d00000, 0x0000000087d00000| Untracked 
| 126|0x0000000087e00000, 0x0000000087e00000, 0x0000000087f00000|  0%| F|  |TAMS 0x0000000087e00000, 0x0000000087e00000| Untracked 
| 127|0x0000000087f00000, 0x0000000087f00000, 0x0000000088000000|  0%| F|  |TAMS 0x0000000087f00000, 0x0000000087f00000| Untracked 
| 128|0x0000000088000000, 0x0000000088000000, 0x0000000088100000|  0%| F|  |TAMS 0x0000000088000000, 0x0000000088000000| Untracked 
| 129|0x0000000088100000, 0x0000000088100000, 0x0000000088200000|  0%| F|  |TAMS 0x0000000088100000, 0x0000000088100000| Untracked 
| 130|0x0000000088200000, 0x0000000088200000, 0x0000000088300000|  0%| F|  |TAMS 0x0000000088200000, 0x0000000088200000| Untracked 
| 131|0x0000000088300000, 0x0000000088300000, 0x0000000088400000|  0%| F|  |TAMS 0x0000000088300000, 0x0000000088300000| Untracked 
| 132|0x0000000088400000, 0x0000000088400000, 0x0000000088500000|  0%| F|  |TAMS 0x0000000088400000, 0x0000000088400000| Untracked 
| 133|0x0000000088500000, 0x0000000088500000, 0x0000000088600000|  0%| F|  |TAMS 0x0000000088500000, 0x0000000088500000| Untracked 
| 134|0x0000000088600000, 0x0000000088600000, 0x0000000088700000|  0%| F|  |TAMS 0x0000000088600000, 0x0000000088600000| Untracked 
| 135|0x0000000088700000, 0x0000000088700000, 0x0000000088800000|  0%| F|  |TAMS 0x0000000088700000, 0x0000000088700000| Untracked 
| 136|0x0000000088800000, 0x0000000088800000, 0x0000000088900000|  0%| F|  |TAMS 0x0000000088800000, 0x0000000088800000| Untracked 
| 137|0x0000000088900000, 0x0000000088900000, 0x0000000088a00000|  0%| F|  |TAMS 0x0000000088900000, 0x0000000088900000| Untracked 
| 138|0x0000000088a00000, 0x0000000088a00000, 0x0000000088b00000|  0%| F|  |TAMS 0x0000000088a00000, 0x0000000088a00000| Untracked 
| 139|0x0000000088b00000, 0x0000000088b00000, 0x0000000088c00000|  0%| F|  |TAMS 0x0000000088b00000, 0x0000000088b00000| Untracked 
| 140|0x0000000088c00000, 0x0000000088c00000, 0x0000000088d00000|  0%| F|  |TAMS 0x0000000088c00000, 0x0000000088c00000| Untracked 
| 141|0x0000000088d00000, 0x0000000088d00000, 0x0000000088e00000|  0%| F|  |TAMS 0x0000000088d00000, 0x0000000088d00000| Untracked 
| 142|0x0000000088e00000, 0x0000000088e00000, 0x0000000088f00000|  0%| F|  |TAMS 0x0000000088e00000, 0x0000000088e00000| Untracked 
| 143|0x0000000088f00000, 0x0000000088f00000, 0x0000000089000000|  0%| F|  |TAMS 0x0000000088f00000, 0x0000000088f00000| Untracked 
| 144|0x0000000089000000, 0x0000000089000000, 0x0000000089100000|  0%| F|  |TAMS 0x0000000089000000, 0x0000000089000000| Untracked 
| 145|0x0000000089100000, 0x0000000089100000, 0x0000000089200000|  0%| F|  |TAMS 0x0000000089100000, 0x0000000089100000| Untracked 
| 146|0x0000000089200000, 0x0000000089200000, 0x0000000089300000|  0%| F|  |TAMS 0x0000000089200000, 0x0000000089200000| Untracked 
| 147|0x0000000089300000, 0x0000000089300000, 0x0000000089400000|  0%| F|  |TAMS 0x0000000089300000, 0x0000000089300000| Untracked 
| 148|0x0000000089400000, 0x0000000089400000, 0x0000000089500000|  0%| F|  |TAMS 0x0000000089400000, 0x0000000089400000| Untracked 
| 149|0x0000000089500000, 0x0000000089500000, 0x0000000089600000|  0%| F|  |TAMS 0x0000000089500000, 0x0000000089500000| Untracked 
| 150|0x0000000089600000, 0x0000000089600000, 0x0000000089700000|  0%| F|  |TAMS 0x0000000089600000, 0x0000000089600000| Untracked 
| 151|0x0000000089700000, 0x0000000089700000, 0x0000000089800000|  0%| F|  |TAMS 0x0000000089700000, 0x0000000089700000| Untracked 
| 152|0x0000000089800000, 0x0000000089800000, 0x0000000089900000|  0%| F|  |TAMS 0x0000000089800000, 0x0000000089800000| Untracked 
| 153|0x0000000089900000, 0x0000000089900000, 0x0000000089a00000|  0%| F|  |TAMS 0x0000000089900000, 0x0000000089900000| Untracked 
| 154|0x0000000089a00000, 0x0000000089a00000, 0x0000000089b00000|  0%| F|  |TAMS 0x0000000089a00000, 0x0000000089a00000| Untracked 
| 155|0x0000000089b00000, 0x0000000089b00000, 0x0000000089c00000|  0%| F|  |TAMS 0x0000000089b00000, 0x0000000089b00000| Untracked 
| 156|0x0000000089c00000, 0x0000000089c00000, 0x0000000089d00000|  0%| F|  |TAMS 0x0000000089c00000, 0x0000000089c00000| Untracked 
| 157|0x0000000089d00000, 0x0000000089d00000, 0x0000000089e00000|  0%| F|  |TAMS 0x0000000089d00000, 0x0000000089d00000| Untracked 
| 158|0x0000000089e00000, 0x0000000089e00000, 0x0000000089f00000|  0%| F|  |TAMS 0x0000000089e00000, 0x0000000089e00000| Untracked 
| 159|0x0000000089f00000, 0x0000000089f00000, 0x000000008a000000|  0%| F|  |TAMS 0x0000000089f00000, 0x0000000089f00000| Untracked 
| 160|0x000000008a000000, 0x000000008a000000, 0x000000008a100000|  0%| F|  |TAMS 0x000000008a000000, 0x000000008a000000| Untracked 
| 161|0x000000008a100000, 0x000000008a100000, 0x000000008a200000|  0%| F|  |TAMS 0x000000008a100000, 0x000000008a100000| Untracked 
| 162|0x000000008a200000, 0x000000008a2558c0, 0x000000008a300000| 33%| S|CS|TAMS 0x000000008a200000, 0x000000008a200000| Complete 
| 163|0x000000008a300000, 0x000000008a300000, 0x000000008a400000|  0%| F|  |TAMS 0x000000008a300000, 0x000000008a300000| Untracked 
| 164|0x000000008a400000, 0x000000008a400000, 0x000000008a500000|  0%| F|  |TAMS 0x000000008a400000, 0x000000008a400000| Untracked 
| 165|0x000000008a500000, 0x000000008a500000, 0x000000008a600000|  0%| F|  |TAMS 0x000000008a500000, 0x000000008a500000| Untracked 
| 166|0x000000008a600000, 0x000000008a600000, 0x000000008a700000|  0%| F|  |TAMS 0x000000008a600000, 0x000000008a600000| Untracked 

Card table byte_map: [0x000001a8606b0000,0x000001a860ab0000] _byte_map_base: 0x000001a8602b0000

Marking Bits (Prev, Next): (CMBitMap*) 0x000001a8497d0430, (CMBitMap*) 0x000001a8497d0470
 Prev Bits: [0x000001a860eb0000, 0x000001a862eb0000)
 Next Bits: [0x000001a862eb0000, 0x000001a864eb0000)

Polling page: 0x000001a847640000

Metaspace:

Usage:
  Non-class:     67.59 MB used.
      Class:     10.93 MB used.
       Both:     78.53 MB used.

Virtual space:
  Non-class space:      128.00 MB reserved,      68.06 MB ( 53%) committed,  2 nodes.
      Class space:      416.00 MB reserved,      11.38 MB (  3%) committed,  1 nodes.
             Both:      544.00 MB reserved,      79.44 MB ( 15%) committed. 

Chunk freelists:
   Non-Class:  11.97 MB
       Class:  4.48 MB
        Both:  16.45 MB

MaxMetaspaceSize: 512.00 MB
CompressedClassSpaceSize: 416.00 MB
Initial GC threshold: 21.00 MB
Current GC threshold: 129.00 MB
CDS: on
MetaspaceReclaimPolicy: balanced
 - commit_granule_bytes: 65536.
 - commit_granule_words: 8192.
 - virtual_space_node_default_size: 8388608.
 - enlarge_chunks_in_place: 1.
 - new_chunks_are_fully_committed: 0.
 - uncommit_free_chunks: 1.
 - use_allocation_guard: 0.
 - handle_deallocations: 1.


Internal statistics:

num_allocs_failed_limit: 6.
num_arena_births: 1134.
num_arena_deaths: 0.
num_vsnodes_births: 3.
num_vsnodes_deaths: 0.
num_space_committed: 1271.
num_space_uncommitted: 0.
num_chunks_returned_to_freelist: 6.
num_chunks_taken_from_freelist: 4492.
num_chunk_merges: 6.
num_chunk_splits: 2881.
num_chunks_enlarged: 1808.
num_inconsistent_stats: 0.

CodeHeap 'non-profiled nmethods': size=120000Kb used=4401Kb max_used=4659Kb free=115598Kb
 bounds [0x000001a858d80000, 0x000001a859210000, 0x000001a8602b0000]
CodeHeap 'profiled nmethods': size=120000Kb used=17599Kb max_used=19819Kb free=102400Kb
 bounds [0x000001a8512b0000, 0x000001a852610000, 0x000001a8587e0000]
CodeHeap 'non-nmethods': size=5760Kb used=2419Kb max_used=2494Kb free=3340Kb
 bounds [0x000001a8587e0000, 0x000001a858a60000, 0x000001a858d80000]
 total_blobs=10723 nmethods=9767 adapters=868
 compilation: enabled
              stopped_count=0, restarted_count=0
 full_count=0

Compilation events (20 events):
Event: 49.922 Thread 0x000001a8673817b0 11782       3       com.google.common.collect.Hashing::smear (19 bytes)
Event: 49.923 Thread 0x000001a8673817b0 nmethod 11782 0x000001a851770810 code [0x000001a8517709a0, 0x000001a851770b18]
Event: 49.957 Thread 0x000001a8673817b0 11783       3       org.gradle.internal.typeconversion.NotationParserBuilder::typeDisplayName (7 bytes)
Event: 49.957 Thread 0x000001a8673817b0 nmethod 11783 0x000001a851386810 code [0x000001a8513869a0, 0x000001a851386af8]
Event: 49.967 Thread 0x000001a8673817b0 11784       3       org.gradle.api.internal.provider.DefaultProviderFactory::provider (23 bytes)
Event: 49.968 Thread 0x000001a8673817b0 nmethod 11784 0x000001a851370a90 code [0x000001a851370c60, 0x000001a851371028]
Event: 49.998 Thread 0x000001a8673817b0 11785       3       org.gradle.internal.typeconversion.TypedNotationConverter::<init> (30 bytes)
Event: 49.999 Thread 0x000001a8673817b0 nmethod 11785 0x000001a8517c1390 code [0x000001a8517c1520, 0x000001a8517c16f8]
Event: 50.000 Thread 0x000001a8673817b0 11786       3       org.gradle.internal.instantiation.generator.Jsr330ConstructorSelector::forParams (6 bytes)
Event: 50.001 Thread 0x000001a8673817b0 nmethod 11786 0x000001a8517cf590 code [0x000001a8517cf740, 0x000001a8517cf888]
Event: 50.001 Thread 0x000001a8673817b0 11787       3       org.gradle.internal.instantiation.generator.Jsr330ConstructorSelector::vetoParameters (71 bytes)
Event: 50.001 Thread 0x000001a8673817b0 nmethod 11787 0x000001a851351210 code [0x000001a851351420, 0x000001a851351a08]
Event: 50.014 Thread 0x000001a8673817b0 11789       3       org.gradle.internal.event.ListenerBroadcast::add (13 bytes)
Event: 50.015 Thread 0x000001a8673817b0 nmethod 11789 0x000001a851570a10 code [0x000001a851570bc0, 0x000001a851570ee8]
Event: 50.015 Thread 0x000001a8673817b0 11790       3       org.gradle.internal.event.BroadcastDispatch::add (7 bytes)
Event: 50.015 Thread 0x000001a8673817b0 nmethod 11790 0x000001a8517d4d90 code [0x000001a8517d4f40, 0x000001a8517d5108]
Event: 50.015 Thread 0x000001a8673817b0 11791       3       com.google.common.base.Platform::stringIsNullOrEmpty (17 bytes)
Event: 50.015 Thread 0x000001a8673817b0 nmethod 11791 0x000001a8515c5290 code [0x000001a8515c5440, 0x000001a8515c5678]
Event: 50.024 Thread 0x000001a8673817b0 11792       3       org.gradle.api.internal.provider.DefaultProperty::unpackState (5 bytes)
Event: 50.024 Thread 0x000001a8673817b0 nmethod 11792 0x000001a8517d9990 code [0x000001a8517d9b20, 0x000001a8517d9ce8]

GC Heap History (20 events):
Event: 39.870 GC heap after
{Heap after GC invocations=33 (full 0):
 garbage-first heap   total 146432K, used 72753K [0x0000000080000000, 0x0000000100000000)
  region size 1024K, 3 young (3072K), 3 survivors (3072K)
 Metaspace       used 73994K, committed 74752K, reserved 491520K
  class space    used 10326K, committed 10688K, reserved 425984K
}
Event: 42.081 GC heap before
{Heap before GC invocations=34 (full 0):
 garbage-first heap   total 146432K, used 114737K [0x0000000080000000, 0x0000000100000000)
  region size 1024K, 45 young (46080K), 3 survivors (3072K)
 Metaspace       used 76276K, committed 76992K, reserved 557056K
  class space    used 10726K, committed 11072K, reserved 425984K
}
Event: 42.097 GC heap after
{Heap after GC invocations=35 (full 0):
 garbage-first heap   total 146432K, used 76738K [0x0000000080000000, 0x0000000100000000)
  region size 1024K, 6 young (6144K), 6 survivors (6144K)
 Metaspace       used 76276K, committed 76992K, reserved 557056K
  class space    used 10726K, committed 11072K, reserved 425984K
}
Event: 42.388 GC heap before
{Heap before GC invocations=35 (full 0):
 garbage-first heap   total 146432K, used 80834K [0x0000000080000000, 0x0000000100000000)
  region size 1024K, 11 young (11264K), 6 survivors (6144K)
 Metaspace       used 76464K, committed 77248K, reserved 557056K
  class space    used 10755K, committed 11136K, reserved 425984K
}
Event: 42.403 GC heap after
{Heap after GC invocations=36 (full 0):
 garbage-first heap   total 146432K, used 78207K [0x0000000080000000, 0x0000000100000000)
  region size 1024K, 2 young (2048K), 2 survivors (2048K)
 Metaspace       used 76464K, committed 77248K, reserved 557056K
  class space    used 10755K, committed 11136K, reserved 425984K
}
Event: 44.757 GC heap before
{Heap before GC invocations=37 (full 0):
 garbage-first heap   total 146432K, used 118143K [0x0000000080000000, 0x0000000100000000)
  region size 1024K, 40 young (40960K), 2 survivors (2048K)
 Metaspace       used 78014K, committed 78848K, reserved 557056K
  class space    used 10912K, committed 11328K, reserved 425984K
}
Event: 44.772 GC heap after
{Heap after GC invocations=38 (full 0):
 garbage-first heap   total 146432K, used 82145K [0x0000000080000000, 0x0000000100000000)
  region size 1024K, 5 young (5120K), 5 survivors (5120K)
 Metaspace       used 78014K, committed 78848K, reserved 557056K
  class space    used 10912K, committed 11328K, reserved 425984K
}
Event: 44.885 GC heap before
{Heap before GC invocations=38 (full 0):
 garbage-first heap   total 146432K, used 84193K [0x0000000080000000, 0x0000000100000000)
  region size 1024K, 7 young (7168K), 5 survivors (5120K)
 Metaspace       used 78055K, committed 78912K, reserved 557056K
  class space    used 10913K, committed 11328K, reserved 425984K
}
Event: 44.898 GC heap after
{Heap after GC invocations=39 (full 0):
 garbage-first heap   total 146432K, used 82635K [0x0000000080000000, 0x0000000100000000)
  region size 1024K, 1 young (1024K), 1 survivors (1024K)
 Metaspace       used 78055K, committed 78912K, reserved 557056K
  class space    used 10913K, committed 11328K, reserved 425984K
}
Event: 46.185 GC heap before
{Heap before GC invocations=39 (full 0):
 garbage-first heap   total 146432K, used 117451K [0x0000000080000000, 0x0000000100000000)
  region size 1024K, 36 young (36864K), 1 survivors (1024K)
 Metaspace       used 78197K, committed 79040K, reserved 557056K
  class space    used 10913K, committed 11328K, reserved 425984K
}
Event: 46.193 GC heap after
{Heap after GC invocations=40 (full 0):
 garbage-first heap   total 146432K, used 84097K [0x0000000080000000, 0x0000000100000000)
  region size 1024K, 3 young (3072K), 3 survivors (3072K)
 Metaspace       used 78197K, committed 79040K, reserved 557056K
  class space    used 10913K, committed 11328K, reserved 425984K
}
Event: 47.317 GC heap before
{Heap before GC invocations=41 (full 0):
 garbage-first heap   total 155648K, used 117889K [0x0000000080000000, 0x0000000100000000)
  region size 1024K, 37 young (37888K), 3 survivors (3072K)
 Metaspace       used 78232K, committed 79104K, reserved 557056K
  class space    used 10917K, committed 11328K, reserved 425984K
}
Event: 47.327 GC heap after
{Heap after GC invocations=42 (full 0):
 garbage-first heap   total 155648K, used 85556K [0x0000000080000000, 0x0000000100000000)
  region size 1024K, 4 young (4096K), 4 survivors (4096K)
 Metaspace       used 78232K, committed 79104K, reserved 557056K
  class space    used 10917K, committed 11328K, reserved 425984K
}
Event: 47.395 GC heap before
{Heap before GC invocations=42 (full 0):
 garbage-first heap   total 155648K, used 87604K [0x0000000080000000, 0x0000000100000000)
  region size 1024K, 7 young (7168K), 4 survivors (4096K)
 Metaspace       used 78232K, committed 79104K, reserved 557056K
  class space    used 10917K, committed 11328K, reserved 425984K
}
Event: 47.405 GC heap after
{Heap after GC invocations=43 (full 0):
 garbage-first heap   total 155648K, used 85331K [0x0000000080000000, 0x0000000100000000)
  region size 1024K, 1 young (1024K), 1 survivors (1024K)
 Metaspace       used 78232K, committed 79104K, reserved 557056K
  class space    used 10917K, committed 11328K, reserved 425984K
}
Event: 48.713 GC heap before
{Heap before GC invocations=43 (full 0):
 garbage-first heap   total 155648K, used 130387K [0x0000000080000000, 0x0000000100000000)
  region size 1024K, 42 young (43008K), 1 survivors (1024K)
 Metaspace       used 78261K, committed 79104K, reserved 557056K
  class space    used 10921K, committed 11328K, reserved 425984K
}
Event: 48.720 GC heap after
{Heap after GC invocations=44 (full 0):
 garbage-first heap   total 155648K, used 94616K [0x0000000080000000, 0x0000000100000000)
  region size 1024K, 6 young (6144K), 6 survivors (6144K)
 Metaspace       used 78261K, committed 79104K, reserved 557056K
  class space    used 10921K, committed 11328K, reserved 425984K
}
Event: 49.816 GC heap before
{Heap before GC invocations=45 (full 0):
 garbage-first heap   total 171008K, used 128408K [0x0000000080000000, 0x0000000100000000)
  region size 1024K, 37 young (37888K), 6 survivors (6144K)
 Metaspace       used 80135K, committed 81024K, reserved 557056K
  class space    used 11157K, committed 11584K, reserved 425984K
}
Event: 49.827 GC heap after
{Heap after GC invocations=46 (full 0):
 garbage-first heap   total 171008K, used 99636K [0x0000000080000000, 0x0000000100000000)
  region size 1024K, 4 young (4096K), 4 survivors (4096K)
 Metaspace       used 80135K, committed 81024K, reserved 557056K
  class space    used 11157K, committed 11584K, reserved 425984K
}
Event: 50.036 GC heap before
{Heap before GC invocations=46 (full 0):
 garbage-first heap   total 171008K, used 102708K [0x0000000080000000, 0x0000000100000000)
  region size 1024K, 8 young (8192K), 4 survivors (4096K)
 Metaspace       used 80412K, committed 81344K, reserved 557056K
  class space    used 11195K, committed 11648K, reserved 425984K
}

Dll operation events (15 events):
Event: 0.045 Loaded shared library C:\Program Files\Eclipse Adoptium\jdk-17.0.13.11-hotspot\bin\java.dll
Event: 0.240 Loaded shared library C:\Program Files\Eclipse Adoptium\jdk-17.0.13.11-hotspot\bin\jsvml.dll
Event: 0.571 Loaded shared library C:\Program Files\Eclipse Adoptium\jdk-17.0.13.11-hotspot\bin\zip.dll
Event: 0.579 Loaded shared library C:\Program Files\Eclipse Adoptium\jdk-17.0.13.11-hotspot\bin\instrument.dll
Event: 0.590 Loaded shared library C:\Program Files\Eclipse Adoptium\jdk-17.0.13.11-hotspot\bin\net.dll
Event: 0.594 Loaded shared library C:\Program Files\Eclipse Adoptium\jdk-17.0.13.11-hotspot\bin\nio.dll
Event: 0.599 Loaded shared library C:\Program Files\Eclipse Adoptium\jdk-17.0.13.11-hotspot\bin\zip.dll
Event: 1.670 Loaded shared library C:\Program Files\Eclipse Adoptium\jdk-17.0.13.11-hotspot\bin\jimage.dll
Event: 2.690 Loaded shared library C:\Program Files\Eclipse Adoptium\jdk-17.0.13.11-hotspot\bin\verify.dll
Event: 3.206 Loaded shared library C:\Users\hp\.gradle\native\c067742578af261105cb4f569cf0c3c89f3d7b1fecec35dd04571415982c5e48\windows-amd64\native-platform.dll
Event: 3.231 Loaded shared library C:\Users\hp\.gradle\native\100fb08df4bc3b14c8652ba06237920a3bd2aa13389f12d3474272988ae205f9\windows-amd64\native-platform-file-events.dll
Event: 6.961 Loaded shared library C:\Program Files\Eclipse Adoptium\jdk-17.0.13.11-hotspot\bin\management.dll
Event: 6.968 Loaded shared library C:\Program Files\Eclipse Adoptium\jdk-17.0.13.11-hotspot\bin\management_ext.dll
Event: 7.472 Loaded shared library C:\Program Files\Eclipse Adoptium\jdk-17.0.13.11-hotspot\bin\extnet.dll
Event: 8.180 Loaded shared library C:\Program Files\Eclipse Adoptium\jdk-17.0.13.11-hotspot\bin\sunmscapi.dll

Deoptimization events (20 events):
Event: 48.549 Thread 0x000001a8675e8980 Uncommon trap: trap_request=0x00000091 fr.pc=0x000001a858f83ff8 relative=0x00000000000000d8
Event: 48.549 Thread 0x000001a8675e8980 Uncommon trap: reason=unloaded action=reinterpret pc=0x000001a858f83ff8 method=java.security.AccessController.wrapException(Ljava/lang/Exception;)Ljava/security/PrivilegedActionException; @ 0 c2
Event: 48.549 Thread 0x000001a8675e8980 DEOPT PACKING pc=0x000001a858f83ff8 sp=0x00000033c79f8080
Event: 48.549 Thread 0x000001a8675e8980 DEOPT UNPACKING pc=0x000001a8588369a3 sp=0x00000033c79f7fb8 mode 2
Event: 48.549 Thread 0x000001a8675e8980 Uncommon trap: trap_request=0xffffffde fr.pc=0x000001a858eb5db4 relative=0x00000000000005f4
Event: 48.549 Thread 0x000001a8675e8980 Uncommon trap: reason=class_check action=maybe_recompile pc=0x000001a858eb5db4 method=java.lang.Throwable.<init>(Ljava/lang/String;Ljava/lang/Throwable;)V @ 24 c2
Event: 48.549 Thread 0x000001a8675e8980 DEOPT PACKING pc=0x000001a858eb5db4 sp=0x00000033c79f7ea0
Event: 48.549 Thread 0x000001a8675e8980 DEOPT UNPACKING pc=0x000001a8588369a3 sp=0x00000033c79f7e68 mode 2
Event: 48.646 Thread 0x000001a8675e8980 DEOPT PACKING pc=0x000001a8514fb6a9 sp=0x00000033c79f7550
Event: 48.646 Thread 0x000001a8675e8980 DEOPT UNPACKING pc=0x000001a858837143 sp=0x00000033c79f6ad0 mode 0
Event: 48.707 Thread 0x000001a8675e8980 DEOPT PACKING pc=0x000001a8514fb6a9 sp=0x00000033c79f75c0
Event: 48.707 Thread 0x000001a8675e8980 DEOPT UNPACKING pc=0x000001a858837143 sp=0x00000033c79f6b40 mode 0
Event: 48.892 Thread 0x000001a8675e8980 Uncommon trap: trap_request=0xfffffff4 fr.pc=0x000001a8590a5f24 relative=0x0000000000000b44
Event: 48.892 Thread 0x000001a8675e8980 Uncommon trap: reason=null_check action=make_not_entrant pc=0x000001a8590a5f24 method=org.gradle.tooling.internal.provider.runner.ClientBuildEventGenerator$Enabled.accept(Lorg/gradle/internal/operations/BuildOperationDescriptor;)Lorg/gradle/tooling/intern
Event: 48.892 Thread 0x000001a8675e8980 DEOPT PACKING pc=0x000001a8590a5f24 sp=0x00000033c79f8790
Event: 48.893 Thread 0x000001a8675e8980 DEOPT UNPACKING pc=0x000001a8588369a3 sp=0x00000033c79f86c8 mode 2
Event: 48.951 Thread 0x000001a8675e8980 DEOPT PACKING pc=0x000001a851d72615 sp=0x00000033c79f5c20
Event: 48.951 Thread 0x000001a8675e8980 DEOPT UNPACKING pc=0x000001a858837143 sp=0x00000033c79f51c0 mode 0
Event: 49.437 Thread 0x000001a8675e8980 DEOPT PACKING pc=0x000001a851b88a31 sp=0x00000033c79ee230
Event: 49.438 Thread 0x000001a8675e8980 DEOPT UNPACKING pc=0x000001a858837143 sp=0x00000033c79ed728 mode 0

Classes loaded (20 events):
Event: 42.826 Loading class java/util/AbstractMap$2$1
Event: 42.826 Loading class java/util/AbstractMap$2$1 done
Event: 43.226 Loading class java/util/AbstractCollectionBeanInfo
Event: 43.226 Loading class java/util/AbstractCollectionBeanInfo done
Event: 43.227 Loading class java/util/AbstractCollectionBeanInfo
Event: 43.227 Loading class java/util/AbstractCollectionBeanInfo done
Event: 43.227 Loading class java/util/AbstractCollectionCustomizer
Event: 43.227 Loading class java/util/AbstractCollectionCustomizer done
Event: 43.228 Loading class java/util/AbstractCollectionCustomizer
Event: 43.228 Loading class java/util/AbstractCollectionCustomizer done
Event: 43.229 Loading class sun/reflect/generics/reflectiveObjects/GenericArrayTypeImpl
Event: 43.230 Loading class sun/reflect/generics/reflectiveObjects/GenericArrayTypeImpl done
Event: 46.540 Loading class sun/security/ssl/Alert
Event: 46.541 Loading class sun/security/ssl/Alert done
Event: 46.541 Loading class sun/security/ssl/Alert$AlertConsumer
Event: 46.542 Loading class sun/security/ssl/Alert$AlertConsumer done
Event: 46.542 Loading class sun/security/ssl/Alert$Level
Event: 46.542 Loading class sun/security/ssl/Alert$Level done
Event: 47.267 Loading class jdk/internal/access/foreign/MemorySegmentProxy
Event: 47.267 Loading class jdk/internal/access/foreign/MemorySegmentProxy done

Classes unloaded (0 events):
No events

Classes redefined (0 events):
No events

Internal exceptions (20 events):
Event: 43.238 Thread 0x000001a8675e8980 Exception <a 'java/lang/ClassNotFoundException'{0x0000000087b94a78}: org/gradle/api/internal/DefaultNamedDomainObjectCollectionCustomizer> (0x0000000087b94a78) 
thrown [s\src\hotspot\share\classfile\systemDictionary.cpp, line 256]
Event: 43.243 Thread 0x000001a8675e8980 Exception <a 'java/lang/ClassNotFoundException'{0x0000000087bd33a8}: org/gradle/api/internal/DefaultNamedDomainObjectListCustomizer> (0x0000000087bd33a8) 
thrown [s\src\hotspot\share\classfile\systemDictionary.cpp, line 256]
Event: 43.250 Thread 0x000001a8675e8980 Exception <a 'java/lang/ClassNotFoundException'{0x0000000087a08d98}: org/gradle/api/internal/artifacts/DefaultArtifactRepositoryContainerCustomizer> (0x0000000087a08d98) 
thrown [s\src\hotspot\share\classfile\systemDictionary.cpp, line 256]
Event: 43.255 Thread 0x000001a8675e8980 Exception <a 'java/lang/ClassNotFoundException'{0x0000000087a32d58}: org/gradle/api/internal/artifacts/dsl/DefaultRepositoryHandlerCustomizer> (0x0000000087a32d58) 
thrown [s\src\hotspot\share\classfile\systemDictionary.cpp, line 256]
Event: 43.260 Thread 0x000001a8675e8980 Exception <a 'java/lang/ClassNotFoundException'{0x0000000087a6b5f0}: org/gradle/api/internal/artifacts/dsl/DefaultRepositoryHandler_DecoratedCustomizer> (0x0000000087a6b5f0) 
thrown [s\src\hotspot\share\classfile\systemDictionary.cpp, line 256]
Event: 43.281 Thread 0x000001a8675e8980 Exception <a 'java/lang/ClassNotFoundException'{0x0000000087917f10}: org/gradle/api/internal/artifacts/dsl/dependencies/DefaultDependencyHandler_DecoratedBeanInfo> (0x0000000087917f10) 
thrown [s\src\hotspot\share\classfile\systemDictionary.cpp, line 256]
Event: 43.284 Thread 0x000001a8675e8980 Exception <a 'java/lang/ClassNotFoundException'{0x000000008792fc10}: org/gradle/api/internal/artifacts/dsl/dependencies/DefaultDependencyHandlerBeanInfo> (0x000000008792fc10) 
thrown [s\src\hotspot\share\classfile\systemDictionary.cpp, line 256]
Event: 43.286 Thread 0x000001a8675e8980 Exception <a 'java/lang/ClassNotFoundException'{0x0000000087946e30}: org/gradle/api/internal/artifacts/dsl/dependencies/DefaultDependencyHandlerCustomizer> (0x0000000087946e30) 
thrown [s\src\hotspot\share\classfile\systemDictionary.cpp, line 256]
Event: 43.291 Thread 0x000001a8675e8980 Exception <a 'java/lang/ClassNotFoundException'{0x00000000879866e0}: org/gradle/api/internal/artifacts/dsl/dependencies/DefaultDependencyHandler_DecoratedCustomizer> (0x00000000879866e0) 
thrown [s\src\hotspot\share\classfile\systemDictionary.cpp, line 256]
Event: 44.846 Thread 0x000001a86f44a810 Exception <a 'sun/nio/fs/WindowsException'{0x0000000088d3d9f0}> (0x0000000088d3d9f0) 
thrown [s\src\hotspot\share\prims\jni.cpp, line 516]
Event: 44.847 Thread 0x000001a86f44a810 Exception <a 'sun/nio/fs/WindowsException'{0x0000000088d48198}> (0x0000000088d48198) 
thrown [s\src\hotspot\share\prims\jni.cpp, line 516]
Event: 44.847 Thread 0x000001a86f44a810 Exception <a 'sun/nio/fs/WindowsException'{0x0000000088d4b868}> (0x0000000088d4b868) 
thrown [s\src\hotspot\share\prims\jni.cpp, line 516]
Event: 44.849 Thread 0x000001a86f44a810 Exception <a 'sun/nio/fs/WindowsException'{0x0000000088d4e348}> (0x0000000088d4e348) 
thrown [s\src\hotspot\share\prims\jni.cpp, line 516]
Event: 48.432 Thread 0x000001a8675e8980 Exception <a 'java/lang/ClassNotFoundException'{0x00000000873d08f0}: build_52uzxozmtktg9nrehpuscnfisBeanInfo> (0x00000000873d08f0) 
thrown [s\src\hotspot\share\classfile\systemDictionary.cpp, line 256]
Event: 48.433 Thread 0x000001a8675e8980 Exception <a 'java/lang/ClassNotFoundException'{0x00000000873d7a00}: build_52uzxozmtktg9nrehpuscnfisCustomizer> (0x00000000873d7a00) 
thrown [s\src\hotspot\share\classfile\systemDictionary.cpp, line 256]
Event: 48.875 Thread 0x000001a8675e8980 Exception <a 'java/lang/ClassNotFoundException'{0x00000000896fbf00}: org/gradle/api/internal/plugins/DefaultObjectConfigurationActionBeanInfo> (0x00000000896fbf00) 
thrown [s\src\hotspot\share\classfile\systemDictionary.cpp, line 256]
Event: 48.877 Thread 0x000001a8675e8980 Exception <a 'java/lang/ClassNotFoundException'{0x00000000895103f0}: org/gradle/api/internal/plugins/DefaultObjectConfigurationActionCustomizer> (0x00000000895103f0) 
thrown [s\src\hotspot\share\classfile\systemDictionary.cpp, line 256]
Event: 48.892 Thread 0x000001a8675e8980 Implicit null exception at 0x000001a8590a588a to 0x000001a8590a5f04
Event: 48.958 Thread 0x000001a8675e8980 Exception <a 'java/lang/ClassNotFoundException'{0x000000008948f7a0}: build_5t434qjhdn4ejunndsms3qna3BeanInfo> (0x000000008948f7a0) 
thrown [s\src\hotspot\share\classfile\systemDictionary.cpp, line 256]
Event: 48.960 Thread 0x000001a8675e8980 Exception <a 'java/lang/ClassNotFoundException'{0x000000008949c718}: build_5t434qjhdn4ejunndsms3qna3Customizer> (0x000000008949c718) 
thrown [s\src\hotspot\share\classfile\systemDictionary.cpp, line 256]

VM Operations (20 events):
Event: 46.812 Executing VM operation: HandshakeAllThreads done
Event: 46.908 Executing VM operation: HandshakeAllThreads
Event: 46.920 Executing VM operation: HandshakeAllThreads done
Event: 47.317 Executing VM operation: G1CollectForAllocation
Event: 47.327 Executing VM operation: G1CollectForAllocation done
Event: 47.395 Executing VM operation: G1CollectForAllocation
Event: 47.405 Executing VM operation: G1CollectForAllocation done
Event: 48.409 Executing VM operation: Cleanup
Event: 48.410 Executing VM operation: Cleanup done
Event: 48.547 Executing VM operation: HandshakeAllThreads
Event: 48.547 Executing VM operation: HandshakeAllThreads done
Event: 48.713 Executing VM operation: G1CollectForAllocation
Event: 48.720 Executing VM operation: G1CollectForAllocation done
Event: 49.034 Executing VM operation: G1PauseRemark
Event: 49.045 Executing VM operation: G1PauseRemark done
Event: 49.171 Executing VM operation: G1PauseCleanup
Event: 49.171 Executing VM operation: G1PauseCleanup done
Event: 49.816 Executing VM operation: G1CollectForAllocation
Event: 49.827 Executing VM operation: G1CollectForAllocation done
Event: 50.036 Executing VM operation: G1CollectForAllocation

Memory protections (0 events):
No events

Nmethod flushes (20 events):
Event: 46.943 Thread 0x000001a8673da4c0 flushing  nmethod 0x000001a8520eaf10
Event: 46.943 Thread 0x000001a8673da4c0 flushing  nmethod 0x000001a8520efc90
Event: 46.943 Thread 0x000001a8673da4c0 flushing  nmethod 0x000001a8520f2a10
Event: 46.943 Thread 0x000001a8673da4c0 flushing  nmethod 0x000001a8520f5a90
Event: 46.944 Thread 0x000001a8673da4c0 flushing  nmethod 0x000001a85211fd90
Event: 46.944 Thread 0x000001a8673da4c0 flushing  nmethod 0x000001a85212fc90
Event: 46.944 Thread 0x000001a8673da4c0 flushing  nmethod 0x000001a852178010
Event: 46.944 Thread 0x000001a8673da4c0 flushing  nmethod 0x000001a85217d090
Event: 46.945 Thread 0x000001a8673da4c0 flushing  nmethod 0x000001a852209810
Event: 46.945 Thread 0x000001a8673da4c0 flushing  nmethod 0x000001a85221d710
Event: 46.945 Thread 0x000001a8673da4c0 flushing  nmethod 0x000001a852230810
Event: 46.945 Thread 0x000001a8673da4c0 flushing  nmethod 0x000001a852230c10
Event: 46.945 Thread 0x000001a8673da4c0 flushing  nmethod 0x000001a85225ef90
Event: 46.946 Thread 0x000001a8673da4c0 flushing  nmethod 0x000001a8522c8290
Event: 46.946 Thread 0x000001a8673da4c0 flushing  nmethod 0x000001a8522d3590
Event: 46.947 Thread 0x000001a8673da4c0 flushing  nmethod 0x000001a852386510
Event: 46.947 Thread 0x000001a8673da4c0 flushing  nmethod 0x000001a8523b5a10
Event: 46.947 Thread 0x000001a8673da4c0 flushing  nmethod 0x000001a8523c6c90
Event: 46.949 Thread 0x000001a8673da4c0 flushing  nmethod 0x000001a852576690
Event: 46.949 Thread 0x000001a8673da4c0 flushing  nmethod 0x000001a852588210

Events (20 events):
Event: 41.392 Thread 0x000001a86f44a810 Thread added: 0x000001a86e0e6400
Event: 41.404 Thread 0x000001a86f44a810 Thread added: 0x000001a86e0e2230
Event: 41.404 Thread 0x000001a86f44a810 Thread added: 0x000001a86e0e3b80
Event: 41.410 Thread 0x000001a86f44a810 Thread added: 0x000001a86e0e4090
Event: 41.697 Thread 0x000001a8675e8980 Thread added: 0x000001a86e0e8260
Event: 41.697 Thread 0x000001a8675e8980 Thread added: 0x000001a86e0e6e20
Event: 41.697 Thread 0x000001a8675e8980 Thread added: 0x000001a86e0e45a0
Event: 41.732 Thread 0x000001a8675e8980 Thread added: 0x000001a86e0e8770
Event: 41.733 Thread 0x000001a8675e8980 Thread added: 0x000001a86e0e4fc0
Event: 41.733 Thread 0x000001a8675e8980 Thread added: 0x000001a86e0e9bb0
Event: 41.827 Thread 0x000001a8675e8980 Thread added: 0x000001a86e0e8c80
Event: 41.833 Thread 0x000001a8675e8980 Thread added: 0x000001a86e0e7330
Event: 41.834 Thread 0x000001a8675e8980 Thread added: 0x000001a86e0e9190
Event: 42.208 Thread 0x000001a8675e8980 Thread added: 0x000001a86e0e54d0
Event: 43.113 Thread 0x000001a8675e8980 Thread added: 0x000001a86e0e7840
Event: 44.622 Thread 0x000001a86f44a810 Thread added: 0x000001a86e0e96a0
Event: 44.623 Thread 0x000001a86f44a810 Thread added: 0x000001a86e0e7d50
Event: 44.623 Thread 0x000001a86f44a810 Thread added: 0x000001a86e0e2740
Event: 44.674 Thread 0x000001a86f44a810 Thread added: 0x000001a86e0e2c50
Event: 48.418 Thread 0x000001a8675e8980 Thread added: 0x000001a86f4489b0


Dynamic libraries:
0x00007ff7d7270000 - 0x00007ff7d727e000 	C:\Program Files\Eclipse Adoptium\jdk-17.0.13.11-hotspot\bin\java.exe
0x00007ffcc82d0000 - 0x00007ffcc84c8000 	C:\Windows\SYSTEM32\ntdll.dll
0x00007ffcc6da0000 - 0x00007ffcc6e62000 	C:\Windows\System32\KERNEL32.DLL
0x00007ffcc5da0000 - 0x00007ffcc609e000 	C:\Windows\System32\KERNELBASE.dll
0x00007ffcc5970000 - 0x00007ffcc5a70000 	C:\Windows\System32\ucrtbase.dll
0x00007ffcbbbd0000 - 0x00007ffcbbbe7000 	C:\Program Files\Eclipse Adoptium\jdk-17.0.13.11-hotspot\bin\jli.dll
0x00007ffcc67e0000 - 0x00007ffcc697d000 	C:\Windows\System32\USER32.dll
0x00007ffcc60a0000 - 0x00007ffcc60c2000 	C:\Windows\System32\win32u.dll
0x00007ffcc6e70000 - 0x00007ffcc6e9b000 	C:\Windows\System32\GDI32.dll
0x00007ffcc61d0000 - 0x00007ffcc62e7000 	C:\Windows\System32\gdi32full.dll
0x00007ffcc5c00000 - 0x00007ffcc5c9d000 	C:\Windows\System32\msvcp_win.dll
0x00007ffcbbbb0000 - 0x00007ffcbbbce000 	C:\Program Files\Eclipse Adoptium\jdk-17.0.13.11-hotspot\bin\VCRUNTIME140.dll
0x00007ffca4730000 - 0x00007ffca49ca000 	C:\Windows\WinSxS\amd64_microsoft.windows.common-controls_6595b64144ccf1df_6.0.19041.4355_none_60b8b9eb71f62e16\COMCTL32.dll
0x00007ffcc64a0000 - 0x00007ffcc653e000 	C:\Windows\System32\msvcrt.dll
0x00007ffcc7d30000 - 0x00007ffcc7d5f000 	C:\Windows\System32\IMM32.DLL
0x00007ffcbddf0000 - 0x00007ffcbddfc000 	C:\Program Files\Eclipse Adoptium\jdk-17.0.13.11-hotspot\bin\vcruntime140_1.dll
0x00007ffc8f870000 - 0x00007ffc8f8fd000 	C:\Program Files\Eclipse Adoptium\jdk-17.0.13.11-hotspot\bin\msvcp140.dll
0x00007ffc48cb0000 - 0x00007ffc4991b000 	C:\Program Files\Eclipse Adoptium\jdk-17.0.13.11-hotspot\bin\server\jvm.dll
0x00007ffcc6f00000 - 0x00007ffcc6fb1000 	C:\Windows\System32\ADVAPI32.dll
0x00007ffcc6c40000 - 0x00007ffcc6cdf000 	C:\Windows\System32\sechost.dll
0x00007ffcc6980000 - 0x00007ffcc6aa3000 	C:\Windows\System32\RPCRT4.dll
0x00007ffcc5a70000 - 0x00007ffcc5a97000 	C:\Windows\System32\bcrypt.dll
0x00007ffcc80c0000 - 0x00007ffcc812b000 	C:\Windows\System32\WS2_32.dll
0x00007ffcc57d0000 - 0x00007ffcc581b000 	C:\Windows\SYSTEM32\POWRPROF.dll
0x00007ffcb2510000 - 0x00007ffcb2537000 	C:\Windows\SYSTEM32\WINMM.dll
0x00007ffcbc380000 - 0x00007ffcbc38a000 	C:\Windows\SYSTEM32\VERSION.dll
0x00007ffcc57b0000 - 0x00007ffcc57c2000 	C:\Windows\SYSTEM32\UMPDC.dll
0x00007ffcc4190000 - 0x00007ffcc41a2000 	C:\Windows\SYSTEM32\kernel.appcore.dll
0x00007ffcbddd0000 - 0x00007ffcbddda000 	C:\Program Files\Eclipse Adoptium\jdk-17.0.13.11-hotspot\bin\jimage.dll
0x00007ffcc0550000 - 0x00007ffcc0734000 	C:\Windows\SYSTEM32\DBGHELP.DLL
0x00007ffca7120000 - 0x00007ffca7154000 	C:\Windows\SYSTEM32\dbgcore.DLL
0x00007ffcc6140000 - 0x00007ffcc61c2000 	C:\Windows\System32\bcryptPrimitives.dll
0x00007ffcb0b60000 - 0x00007ffcb0b6e000 	C:\Program Files\Eclipse Adoptium\jdk-17.0.13.11-hotspot\bin\instrument.dll
0x00007ffc9fad0000 - 0x00007ffc9faf5000 	C:\Program Files\Eclipse Adoptium\jdk-17.0.13.11-hotspot\bin\java.dll
0x00007ffc863f0000 - 0x00007ffc864c7000 	C:\Program Files\Eclipse Adoptium\jdk-17.0.13.11-hotspot\bin\jsvml.dll
0x00007ffcc6fc0000 - 0x00007ffcc772d000 	C:\Windows\System32\SHELL32.dll
0x00007ffcc39a0000 - 0x00007ffcc4143000 	C:\Windows\SYSTEM32\windows.storage.dll
0x00007ffcc7d60000 - 0x00007ffcc80b3000 	C:\Windows\System32\combase.dll
0x00007ffcc52d0000 - 0x00007ffcc52fe000 	C:\Windows\SYSTEM32\Wldp.dll
0x00007ffcc8130000 - 0x00007ffcc81fd000 	C:\Windows\System32\OLEAUT32.dll
0x00007ffcc7c00000 - 0x00007ffcc7cad000 	C:\Windows\System32\SHCORE.dll
0x00007ffcc7ba0000 - 0x00007ffcc7bf5000 	C:\Windows\System32\shlwapi.dll
0x00007ffcc58a0000 - 0x00007ffcc58c4000 	C:\Windows\SYSTEM32\profapi.dll
0x00007ffcab200000 - 0x00007ffcab218000 	C:\Program Files\Eclipse Adoptium\jdk-17.0.13.11-hotspot\bin\zip.dll
0x00007ffcbb280000 - 0x00007ffcbb299000 	C:\Program Files\Eclipse Adoptium\jdk-17.0.13.11-hotspot\bin\net.dll
0x00007ffcb9110000 - 0x00007ffcb921d000 	C:\Windows\SYSTEM32\WINHTTP.dll
0x00007ffcc5030000 - 0x00007ffcc509a000 	C:\Windows\system32\mswsock.dll
0x00007ffcb8850000 - 0x00007ffcb8866000 	C:\Program Files\Eclipse Adoptium\jdk-17.0.13.11-hotspot\bin\nio.dll
0x00007ffcb0b70000 - 0x00007ffcb0b80000 	C:\Program Files\Eclipse Adoptium\jdk-17.0.13.11-hotspot\bin\verify.dll
0x00007ffc8a0e0000 - 0x00007ffc8a107000 	C:\Users\hp\.gradle\native\c067742578af261105cb4f569cf0c3c89f3d7b1fecec35dd04571415982c5e48\windows-amd64\native-platform.dll
0x00007ffc51fb0000 - 0x00007ffc520f4000 	C:\Users\hp\.gradle\native\100fb08df4bc3b14c8652ba06237920a3bd2aa13389f12d3474272988ae205f9\windows-amd64\native-platform-file-events.dll
0x00007ffcbcbb0000 - 0x00007ffcbcbba000 	C:\Program Files\Eclipse Adoptium\jdk-17.0.13.11-hotspot\bin\management.dll
0x00007ffcbc1a0000 - 0x00007ffcbc1ab000 	C:\Program Files\Eclipse Adoptium\jdk-17.0.13.11-hotspot\bin\management_ext.dll
0x00007ffcc6550000 - 0x00007ffcc6558000 	C:\Windows\System32\PSAPI.DLL
0x00007ffcc5230000 - 0x00007ffcc5248000 	C:\Windows\SYSTEM32\CRYPTSP.dll
0x00007ffcc4950000 - 0x00007ffcc4984000 	C:\Windows\system32\rsaenh.dll
0x00007ffcc5860000 - 0x00007ffcc588e000 	C:\Windows\SYSTEM32\USERENV.dll
0x00007ffcc5220000 - 0x00007ffcc522c000 	C:\Windows\SYSTEM32\CRYPTBASE.dll
0x00007ffcc4d10000 - 0x00007ffcc4d4b000 	C:\Windows\SYSTEM32\IPHLPAPI.DLL
0x00007ffcc6d90000 - 0x00007ffcc6d98000 	C:\Windows\System32\NSI.dll
0x00007ffcba050000 - 0x00007ffcba067000 	C:\Windows\SYSTEM32\dhcpcsvc6.DLL
0x00007ffcbb250000 - 0x00007ffcbb26d000 	C:\Windows\SYSTEM32\dhcpcsvc.DLL
0x00007ffcc4d50000 - 0x00007ffcc4e1a000 	C:\Windows\SYSTEM32\DNSAPI.dll
0x00007ffcb0bd0000 - 0x00007ffcb0bd9000 	C:\Program Files\Eclipse Adoptium\jdk-17.0.13.11-hotspot\bin\extnet.dll
0x00007ffcbb950000 - 0x00007ffcbb95e000 	C:\Program Files\Eclipse Adoptium\jdk-17.0.13.11-hotspot\bin\sunmscapi.dll
0x00007ffcc5aa0000 - 0x00007ffcc5bfc000 	C:\Windows\System32\CRYPT32.dll
0x00007ffcc5340000 - 0x00007ffcc5367000 	C:\Windows\SYSTEM32\ncrypt.dll
0x00007ffcc5300000 - 0x00007ffcc533b000 	C:\Windows\SYSTEM32\NTASN1.dll
0x00007ffcbb920000 - 0x00007ffcbb927000 	C:\Windows\system32\wshunix.dll
0x0000000072b30000 - 0x0000000072b56000 	C:\Program Files\Bonjour\mdnsNSP.dll
0x00007ffcb7aa0000 - 0x00007ffcb7aaa000 	C:\Windows\System32\rasadhlp.dll
0x00007ffcb7f20000 - 0x00007ffcb7fa0000 	C:\Windows\System32\fwpuclnt.dll
0x00007ffca24a0000 - 0x00007ffca24b7000 	C:\Windows\system32\napinsp.dll
0x00007ffca2480000 - 0x00007ffca249b000 	C:\Windows\system32\pnrpnsp.dll
0x00007ffca2360000 - 0x00007ffca2375000 	C:\Windows\system32\wshbth.dll
0x00007ffcbdf20000 - 0x00007ffcbdf3d000 	C:\Windows\system32\NLAapi.dll
0x00007ffca2340000 - 0x00007ffca2352000 	C:\Windows\System32\winrnr.dll

dbghelp: loaded successfully - version: 4.0.5 - missing functions: none
symbol engine: initialized successfully - sym options: 0x614 - pdb path: .;C:\Program Files\Eclipse Adoptium\jdk-17.0.13.11-hotspot\bin;C:\Windows\SYSTEM32;C:\Windows\WinSxS\amd64_microsoft.windows.common-controls_6595b64144ccf1df_6.0.19041.4355_none_60b8b9eb71f62e16;C:\Program Files\Eclipse Adoptium\jdk-17.0.13.11-hotspot\bin\server;C:\Users\hp\.gradle\native\c067742578af261105cb4f569cf0c3c89f3d7b1fecec35dd04571415982c5e48\windows-amd64;C:\Users\hp\.gradle\native\100fb08df4bc3b14c8652ba06237920a3bd2aa13389f12d3474272988ae205f9\windows-amd64;C:\Program Files\Bonjour

VM Arguments:
jvm_args: -XX:MaxMetaspaceSize=512m --add-opens=java.base/java.util=ALL-UNNAMED --add-opens=java.base/java.lang=ALL-UNNAMED --add-opens=java.base/java.lang.invoke=ALL-UNNAMED --add-opens=java.prefs/java.util.prefs=ALL-UNNAMED --add-exports=jdk.compiler/com.sun.tools.javac.api=ALL-UNNAMED --add-exports=jdk.compiler/com.sun.tools.javac.util=ALL-UNNAMED --add-opens=java.base/java.nio.charset=ALL-UNNAMED --add-opens=java.base/java.net=ALL-UNNAMED --add-opens=java.base/java.util.concurrent.atomic=ALL-UNNAMED -Xmx2048m -Dfile.encoding=windows-1252 -Duser.country=IN -Duser.language=en -Duser.variant -javaagent:C:\Users\hp\.gradle\wrapper\dists\gradle-8.10.2-all\7iv73wktx1xtkvlq19urqw1wm\gradle-8.10.2\lib\agents\gradle-instrumentation-agent-8.10.2.jar 
java_command: org.gradle.launcher.daemon.bootstrap.GradleDaemon 8.10.2
java_class_path (initial): C:\Users\hp\.gradle\wrapper\dists\gradle-8.10.2-all\7iv73wktx1xtkvlq19urqw1wm\gradle-8.10.2\lib\gradle-daemon-main-8.10.2.jar
Launcher Type: SUN_STANDARD

[Global flags]
     intx CICompilerCount                          = 3                                         {product} {ergonomic}
   size_t CompressedClassSpaceSize                 = 436207616                                 {product} {ergonomic}
     uint ConcGCThreads                            = 1                                         {product} {ergonomic}
     uint G1ConcRefinementThreads                  = 4                                         {product} {ergonomic}
   size_t G1HeapRegionSize                         = 1048576                                   {product} {ergonomic}
    uintx GCDrainStackTargetSize                   = 64                                        {product} {ergonomic}
   size_t InitialHeapSize                          = 134217728                                 {product} {ergonomic}
   size_t MarkStackSize                            = 4194304                                   {product} {ergonomic}
   size_t MaxHeapSize                              = 2147483648                                {product} {command line}
   size_t MaxMetaspaceSize                         = 536870912                                 {product} {command line}
   size_t MaxNewSize                               = 1287651328                                {product} {ergonomic}
   size_t MinHeapDeltaBytes                        = 1048576                                   {product} {ergonomic}
   size_t MinHeapSize                              = 8388608                                   {product} {ergonomic}
    uintx NonNMethodCodeHeapSize                   = 5832780                                {pd product} {ergonomic}
    uintx NonProfiledCodeHeapSize                  = 122912730                              {pd product} {ergonomic}
    uintx ProfiledCodeHeapSize                     = 122912730                              {pd product} {ergonomic}
    uintx ReservedCodeCacheSize                    = 251658240                              {pd product} {ergonomic}
     bool SegmentedCodeCache                       = true                                      {product} {ergonomic}
   size_t SoftMaxHeapSize                          = 2147483648                             {manageable} {ergonomic}
     bool UseCompressedClassPointers               = true                           {product lp64_product} {ergonomic}
     bool UseCompressedOops                        = true                           {product lp64_product} {ergonomic}
     bool UseG1GC                                  = true                                      {product} {ergonomic}
     bool UseLargePagesIndividualAllocation        = false                                  {pd product} {ergonomic}

Logging:
Log output configuration:
 #0: stdout all=warning uptime,level,tags
 #1: stderr all=off uptime,level,tags

Environment Variables:
JAVA_HOME=C:\Program Files\Eclipse Adoptium\jdk-17.0.13.11-hotspot
CLASSPATH=D:\Sonic\EHC\android\\gradle\wrapper\gradle-wrapper.jar
PATH=D:\Sonic\EHC\node_modules\.bin;D:\Sonic\EHC\node_modules\.bin;D:\Sonic\node_modules\.bin;D:\node_modules\.bin;D:\Sonic\EHC\node_modules\npm\node_modules\@npmcli\run-script\lib\node-gyp-bin;D:\Sonic\EHC\node_modules\.bin;D:\Sonic\node_modules\.bin;D:\node_modules\.bin;C:\Users\hp\AppData\Roaming\npm\node_modules\npm\node_modules\@npmcli\run-script\lib\node-gyp-bin;C:\Program Files\Eclipse Adoptium\jdk-17.0.13.11-hotspot\bin;C:\Python312\Scripts\;C:\Python312\;C:\Windows\system32;C:\Windows;C:\Windows\System32\Wbem;C:\Windows\System32\WindowsPowerShell\v1.0\;C:\Windows\System32\OpenSSH\;C:\Program Files\Intel\WiFi\bin\;C:\Program Files\Common Files\Intel\WirelessCommon\;C:\Program Files\PuTTY\;C:\Program Files (x86)\IncrediBuild;C:\Program Files\MySQL\MySQL Server 8.0\bin;C:\ProgramData\chocolatey\bin;C:\Program Files\Git\cmd;C:\Program Files\nodejs\;C:\Users\hp\AppData\Roaming\npm\node_modules;C:\Users\hp\AppData\Roaming\npm;C:\Program Files\dotnet\;C:\Users\hp\AppData\Local\Android\Sdk\platform-tools;C:\Users\hp\AppData\Local\Android\Sdk\tools;C:\Program Files\mosquitto;C:\Program Files\WireGuard\;C:\Users\hp\AppData\Local\jdk-11.0.2\bin;C:\Program Files\Eclipse Adoptium\jdk-11.0.25.9-hotspot\bin;C:\Program Files\Common Files\Oracle\Java\javapath;C:\Program Files\Common Files\Oracle\Java\javapath;C:\Windows\System32\WindowsPowerShell\v1.
USERNAME=hp
LANG=en_US.UTF-8
OS=Windows_NT
PROCESSOR_IDENTIFIER=Intel64 Family 6 Model 78 Stepping 3, GenuineIntel
TMP=C:\Users\hp\AppData\Local\Temp
TEMP=C:\Users\hp\AppData\Local\Temp



Periodic native trim disabled


---------------  S Y S T E M  ---------------

OS:
 Windows 10 , 64 bit Build 19041 (10.0.19041.5198)
OS uptime: 3 days 3:24 hours

CPU: total 4 (initial active 4) (2 cores per cpu, 2 threads per core) family 6 model 78 stepping 3 microcode 0xe2, cx8, cmov, fxsr, ht, mmx, 3dnowpref, sse, sse2, sse3, ssse3, sse4.1, sse4.2, popcnt, lzcnt, tsc, tscinvbit, avx, avx2, aes, erms, clmul, bmi1, bmi2, rtm, adx, fma, vzeroupper, clflush, clflushopt
Processor Information for all 4 processors :
  Max Mhz: 2496, Current Mhz: 2396, Mhz Limit: 2396

Memory: 4k page, system-wide physical 8072M (231M free)
TotalPageFile size 19288M (AvailPageFile size 99M)
current process WorkingSet (physical memory assigned to process): 397M, peak: 400M
current process commit charge ("private bytes"): 433M, peak: 546M

vm_info: OpenJDK 64-Bit Server VM (17.0.13+11) for windows-amd64 JRE (17.0.13+11), built on Oct 16 2024 00:10:08 by "admin" with MS VC++ 17.7 (VS2022)

END.
